<?xml version="1.0" encoding="utf-8"?><testsuites name="pytest tests"><testsuite name="pytest" errors="0" failures="1" skipped="0" tests="1" time="83.921" timestamp="2026-06-04T23:41:39.976367+07:00" hostname="TUANANH"><testcase classname="tests.search.test_search_regression" name="test_search_very_long_query" time="83.253"><failure message="Failed: FREEZE: Khong the them tiep ky tu vao o tim kiem. So lan lap on dinh truoc khi treo: 22. Lan lap gay treo: 23. So ky tu mong doi: 23,000,000. So ky tu thuc te: 1,000,000.">FREEZE: Khong the them tiep ky tu vao o tim kiem. So lan lap on dinh truoc khi treo: 22. Lan lap gay treo: 23. So ky tu mong doi: 23,000,000. So ky tu thuc te: 1,000,000.</failure></testcase></testsuite></testsuites>