<?xml version="1.0" encoding="utf-8"?><testsuites name="pytest tests"><testsuite name="pytest" errors="0" failures="0" skipped="0" tests="4" time="144.539" timestamp="2026-06-10T21:57:44.543062+07:00" hostname="TUANANH"><testcase classname="tests.filter.test_filter_advanced" name="test_filter_all_products_match_brand" time="26.562" /><testcase classname="tests.filter.test_filter_advanced" name="test_unfilter_restores_list" time="29.614" /><testcase classname="tests.filter.test_filter_advanced" name="test_filter_combination_no_results" time="18.519" /><testcase classname="tests.filter.test_filter_advanced" name="test_filter_multiple_conditions_then_remove_one_updates_results" time="69.597" /></testsuite></testsuites>