<?xml version="1.0" encoding="utf-8"?><testsuites name="pytest tests"><testsuite name="pytest" errors="0" failures="0" skipped="0" tests="1" time="21.426" timestamp="2026-06-12T17:33:37.743628+07:00" hostname="TUANANH"><testcase classname="tests.test_regression_filter_sort_search" name="test_preserve_sort_state_on_reload_and_navigation" time="21.110"><properties><property name="test_case_id" value="TC_SORT_04" /><property name="test_case_title" value="Giữ trạng thái sort sau reload và điều hướng" /></properties></testcase></testsuite></testsuites>