<?xml version="1.0" encoding="utf-8"?><testsuites name="pytest tests"><testsuite name="pytest" errors="0" failures="1" skipped="0" tests="1" time="31.120" timestamp="2026-06-04T22:19:25.658199+07:00" hostname="TUANANH"><testcase classname="tests.search.test_search_regression" name="test_search_very_long_query" time="30.861"><failure message="Failed: FREEZE: Trinh duyet bi lag/treo. So lan lap on dinh truoc khi treo: 12. Lan lap gay treo: 13. Tong ky tu tai thoi diem treo: 13,000,000. Thoi gian xu ly: 5.23s &gt; nguong 5.00s">FREEZE: Trinh duyet bi lag/treo. So lan lap on dinh truoc khi treo: 12. Lan lap gay treo: 13. Tong ky tu tai thoi diem treo: 13,000,000. Thoi gian xu ly: 5.23s &gt; nguong 5.00s</failure></testcase></testsuite></testsuites>