<?xml version="1.0" encoding="utf-8"?><testsuites name="pytest tests"><testsuite name="pytest" errors="0" failures="1" skipped="0" tests="6" time="164.855" timestamp="2026-06-11T09:48:43.951744+07:00" hostname="TUANANH"><testcase classname="tests.filter.test_filter_advanced" name="test_filter_all_products_match_brand" time="21.419" /><testcase classname="tests.filter.test_filter_advanced" name="test_unfilter_restores_list" time="25.253" /><testcase classname="tests.filter.test_filter_advanced" name="test_filter_combination_no_results" time="18.587"><failure message="AssertionError: Không hiển thị thông báo no-result sau khi lọc + search&#10;assert 'không tìm thấy sản phẩm nào' in 'hệ thống showroom\ndành cho doanh nghiệp\napple education\nhotline: 18006867\ntin công nghệ\nxây dựng cấu hình\nkhuyến mãi\ndanh mục sản phẩm\nmacbook air m5   macbook neo   iphone 17   laptop            \nđăng nhập\nđăng ký\ngiỏ hàng của bạn\n(0) sản phẩm\nkhoảng giá\n0đ\n10.000.000đ\nsắp xếp theo\nkhuyến mãi tốt nhất\ngiá tăng dần\ngiá giảm dần\nsản phẩm mới nhất\nsản phẩm bán chạy nhất\nhỗ trợ khách hàng\nthẻ ưu đãi\nhướng dẫn mua online\nưu đãi dành cho doanh nghiệp\nchính sách trả góp\ndịch vụ sửa chữa\nkhách hàng thân thiết\nchính sách mua hàng\nđiều kiện giao dịch chung\nchính sách bảo hành\nchính sách đổi trả\nchính sách khui hộp sản phẩm apple\nchính sách thanh toán\ngiao hàng và lắp đặt tại nhà\ndịch vụ lắp đặt và nâng cấp pc/ laptop tại cửa hàng &amp; ttbh\nchính sách bảo mật thanh toán\nquy định đặt cọc và giữ hàng\nthông tin phong vũ\ngiới thiệu phong vũ\nhệ thống cửa hàng\ntrung tâm bảo hành\nchính sách bảo mật\ntin công nghệ\ntuyển dụng\ncộng đồng phong vũ\ngọi mua hàng (miễn phí) 18006867\ngọi chăm sóc 18006865\nfacebook phong vũ\nphong vũ media\nphong vũ hội\noa phong vũ (zalo)\nemail liên hệ\nhỗ trợ khách hàng:\ncskh@phongvu.vn\nliên hệ báo giá:\nbaogia@phongvu.vn\nhợp tác phát triển:\nhoptac@phongvu.vn\nphương thức thanh toán\nqr code\ntiền mặt\ntrả góp\ninternet banking\ndanh sách các ngân hàng thanh toán online\ncông ty cổ phần thương mại - dịch vụ phong vũ\n© 1997 - 2026 công ty cổ phần thương mại - dịch vụ phong vũ\ngiấy chứng nhận đăng ký doanh nghiệp: 0304998358 do sở kh-đt tp.hcm cấp lần đầu ngày 30 tháng 05 năm 2007\nwebsite phongvu.vn thuộc quyền sở hữu của công ty cổ phần thương mại - dịch vụ phong vũ và được phát triển bởi teko.\nđịa chỉ trụ sở chính:\ntầng 5, 117-119-121 nguyễn du, phường bến thành, thành phố hồ chí minh, việt nam\nvăn phòng điều hành miền bắc:\ntầng 2, số 47 phố thái hà, phường đống đa, thành phố hà nội, việt nam\nvăn phòng điều hành miền nam:\n677/2a điện biên phủ, phường thạnh mỹ tây, thành phố hồ chí minh, việt nam\nphongvu.vn | laptop, pc, màn hình, điện thoại, linh kiện chính hãng'">driver = &lt;selenium.webdriver.chrome.webdriver.WebDriver (session="f84ae33cdee18547f3f7eb40a3d7ae82")&gt;
test_config = {'base_url': 'https://phongvu.vn', 'pages': {'laptop': 'https://phongvu.vn/c/laptop', 'monitor': 'https://phongvu.vn/c...': 'Logitech', 'search_variants': ['logitech', 'Logitech', '  Logitech  ', 'Logitech!@#', 'nonexistentsku12345'], ...}}

    def test_filter_combination_no_results(driver, test_config):
        base_url = test_config["pages"]["laptop"]
        brand = test_config["test_data"]["brand_to_filter"]
        nonsense = test_config["test_data"].get("nonexistent_search", "noresults_xyz_98765")
    
        driver.get(base_url)
        wait = WebDriverWait(driver, 12)
    
        click_checkbox_by_text(driver, brand, desired_state=True)
        wait.until(lambda d: "brands=apple" in d.current_url.lower())
    
        search_with_keyword(driver, test_config, nonsense)
    
        body_text = driver.find_element(By.TAG_NAME, "body").text.lower()
        print("\n--- [FILTER ADVANCED TEST: COMBINATION NO RESULTS] ---")
        print(f"Searched: {_safe_str(nonsense)} under brand {_safe_str(brand)}. Text found: 'khong tim thay san pham nao'")
&gt;       assert "không tìm thấy sản phẩm nào" in body_text, "Không hiển thị thông báo no-result sau khi lọc + search"
E       AssertionError: Không hiển thị thông báo no-result sau khi lọc + search
E       assert 'không tìm thấy sản phẩm nào' in 'hệ thống showroom\ndành cho doanh nghiệp\napple education\nhotline: 18006867\ntin công nghệ\nxây dựng cấu hình\nkhuyến mãi\ndanh mục sản phẩm\nmacbook air m5   macbook neo   iphone 17   laptop            \nđăng nhập\nđăng ký\ngiỏ hàng của bạn\n(0) sản phẩm\nkhoảng giá\n0đ\n10.000.000đ\nsắp xếp theo\nkhuyến mãi tốt nhất\ngiá tăng dần\ngiá giảm dần\nsản phẩm mới nhất\nsản phẩm bán chạy nhất\nhỗ trợ khách hàng\nthẻ ưu đãi\nhướng dẫn mua online\nưu đãi dành cho doanh nghiệp\nchính sách trả góp\ndịch vụ sửa chữa\nkhách hàng thân thiết\nchính sách mua hàng\nđiều kiện giao dịch chung\nchính sách bảo hành\nchính sách đổi trả\nchính sách khui hộp sản phẩm apple\nchính sách thanh toán\ngiao hàng và lắp đặt tại nhà\ndịch vụ lắp đặt và nâng cấp pc/ laptop tại cửa hàng &amp; ttbh\nchính sách bảo mật thanh toán\nquy định đặt cọc và giữ hàng\nthông tin phong vũ\ngiới thiệu phong vũ\nhệ thống cửa hàng\ntrung tâm bảo hành\nchính sách bảo mật\ntin công nghệ\ntuyển dụng\ncộng đồng phong vũ\ngọi mua hàng (miễn phí) 18006867\ngọi chăm sóc 18006865\nfacebook phong vũ\nphong vũ media\nphong vũ hội\noa phong vũ (zalo)\nemail liên hệ\nhỗ trợ khách hàng:\ncskh@phongvu.vn\nliên hệ báo giá:\nbaogia@phongvu.vn\nhợp tác phát triển:\nhoptac@phongvu.vn\nphương thức thanh toán\nqr code\ntiền mặt\ntrả góp\ninternet banking\ndanh sách các ngân hàng thanh toán online\ncông ty cổ phần thương mại - dịch vụ phong vũ\n© 1997 - 2026 công ty cổ phần thương mại - dịch vụ phong vũ\ngiấy chứng nhận đăng ký doanh nghiệp: 0304998358 do sở kh-đt tp.hcm cấp lần đầu ngày 30 tháng 05 năm 2007\nwebsite phongvu.vn thuộc quyền sở hữu của công ty cổ phần thương mại - dịch vụ phong vũ và được phát triển bởi teko.\nđịa chỉ trụ sở chính:\ntầng 5, 117-119-121 nguyễn du, phường bến thành, thành phố hồ chí minh, việt nam\nvăn phòng điều hành miền bắc:\ntầng 2, số 47 phố thái hà, phường đống đa, thành phố hà nội, việt nam\nvăn phòng điều hành miền nam:\n677/2a điện biên phủ, phường thạnh mỹ tây, thành phố hồ chí minh, việt nam\nphongvu.vn | laptop, pc, màn hình, điện thoại, linh kiện chính hãng'

tests\filter\test_filter_advanced.py:117: AssertionError</failure></testcase><testcase classname="tests.filter.test_filter_advanced" name="test_filter_multiple_conditions_then_remove_one_updates_results" time="49.049" /><testcase classname="tests.test_black_box_extended" name="test_filter_state_persists_after_reload" time="26.546" /><testcase classname="tests.test_black_box_extended" name="test_filter_then_sort_price_keeps_filtered_sorted_results" time="23.451" /></testsuite></testsuites>