<?xml version="1.0" encoding="utf-8"?><testsuites name="pytest tests"><testsuite name="pytest" errors="0" failures="0" skipped="0" tests="46" time="269.755" timestamp="2026-06-04T22:08:31.117852+07:00" hostname="TUANANH"><testcase classname="tests.search.test_search_functional" name="test_search_load_more_preserves_keyword" time="29.910" /><testcase classname="tests.filter.test_filter_advanced" name="test_filter_combination_no_results" time="24.740" /><testcase classname="tests.filter.test_filter_advanced" name="test_filter_all_products_match_brand" time="38.858" /><testcase classname="tests.search.test_search_functional" name="test_search_autocomplete_suggestion_click_navigates_to_results" time="31.632" /><testcase classname="tests.filter.test_filter_advanced" name="test_filter_multiple_conditions_then_remove_one_updates_results" time="77.641" /><testcase classname="tests.search.test_search_functional" name="test_search_deeplink_query_loads_correct_results" time="17.939" /><testcase classname="tests.search.test_search_functional" name="test_search_enter_vs_click_icon_same_result" time="22.507" /><testcase classname="tests.filter.test_filter_advanced" name="test_unfilter_restores_list" time="33.800" /><testcase classname="tests.search.test_search_regression" name="test_search_results_are_scoped_to_main_results_container" time="17.714" /><testcase classname="tests.search.test_search_security" name="test_search_xss_payload_is_sanitized[&lt;script&gt;alert(1)&lt;/script&gt;]" time="16.428" /><testcase classname="tests.search.test_search_regression" name="test_search_change_keyword_updates_results" time="24.257" /><testcase classname="tests.search.test_search_security" name="test_search_xss_payload_is_sanitized[&quot;&lt;img src=x onerror=alert(1)&gt;]" time="14.620" /><testcase classname="tests.search.test_search_security" name="test_search_sql_payload_is_handled_safely[&quot; OR &quot;1&quot;=&quot;1]" time="7.709" /><testcase classname="tests.search.test_search_security" name="test_search_sql_payload_is_handled_safely[' UNION SELECT NULL --]" time="6.684" /><testcase classname="tests.search.test_search_security" name="test_search_sql_payload_is_handled_safely[' OR '1'='1]" time="5.648" /><testcase classname="tests.search.test_search_security" name="test_search_sql_payload_is_handled_safely[' UNION SELECT username,password FROM users --]" time="12.529" /><testcase classname="tests.search.test_search_regression" name="test_search_then_sort_price_keeps_relevant_sorted_results" time="18.865" /><testcase classname="tests.search.test_search_security" name="test_search_sql_payload_is_handled_safely['; DROP TABLE products; --]" time="5.982" /><testcase classname="tests.search.test_search_security" name="test_search_sql_payload_is_handled_safely[admin' --]" time="8.291" /><testcase classname="tests.search.test_search_security" name="test_search_sql_payload_is_handled_safely[') UNION SELECT NULL,NULL --]" time="14.565" /><testcase classname="tests.search.test_search_regression" name="test_search_vietnamese_accent_and_no_accent" time="27.154" /><testcase classname="tests.search.test_search_variants" name="test_search_variants_returns_relevant_results[Logitech]" time="13.307" /><testcase classname="tests.search.test_search_variants" name="test_search_variants_returns_relevant_results[logitech]" time="12.742" /><testcase classname="tests.search.test_search_variants" name="test_search_variants_returns_relevant_results[  Logitech  ]" time="13.844" /><testcase classname="tests.search.test_search_variants" name="test_search_variants_returns_relevant_results[Logitech!@#]" time="15.227" /><testcase classname="tests.search.test_search_variants" name="test_search_typo_tolerance_returns_relevant_results[Logitec]" time="15.314" /><testcase classname="tests.search.test_search_variants" name="test_search_typo_tolerance_returns_relevant_results[Logit ech]" time="15.159" /><testcase classname="tests.search.test_search_regression" name="test_search_empty_query" time="7.692" /><testcase classname="tests.search.test_search_variants" name="test_search_typo_tolerance_returns_relevant_results[Logitechk]" time="14.259" /><testcase classname="tests.search.test_search_variants" name="test_search_typo_tolerance_returns_relevant_results[Logtech]" time="14.782" /><testcase classname="tests.search.test_search_regression" name="test_search_repeated_long_input_does_not_blank_or_lag" time="6.571" /><testcase classname="tests.search.test_search_variants" name="test_search_typo_tolerance_returns_relevant_results[Logit3ch]" time="14.681" /><testcase classname="tests.smoke.test_cases" name="test_sort_price_low_to_high" time="20.314" /><testcase classname="tests.search.test_search_variants" name="test_search_not_found_shows_no_results" time="8.221" /><testcase classname="tests.smoke.test_cases" name="test_filter_apple_brand" time="28.304" /><testcase classname="tests.sort.test_sort_verification" name="test_sort_changes_order_for_non_price_options" time="42.287" /><testcase classname="tests.smoke.test_cases" name="test_search_logitech" time="11.827" /><testcase classname="tests.sort.test_sort_verification" name="test_sort_price_orders" time="23.559" /><testcase classname="tests.test_black_box_extended" name="test_filter_then_sort_price_keeps_filtered_sorted_results" time="39.609" /><testcase classname="tests.sort.test_sort_verification" name="test_sort_switching_between_sort_types_keeps_results_visible" time="23.013" /><testcase classname="tests.test_negative_cases" name="test_missing_selector_raises" time="3.275" /><testcase classname="tests.test_regression_filter_sort_search" name="test_preserve_sort_state_on_reload_and_navigation" time="23.926" /><testcase classname="tests.test_black_box_extended" name="test_filter_state_persists_after_reload" time="35.765" /><testcase classname="tests.test_regression_filter_sort_search" name="test_filter_multiple_conditions" time="50.194" /><testcase classname="tests.test_negative_cases" name="test_slow_page_timeout" time="2.156" /><testcase classname="tests.test_regression_filter_sort_search" name="test_sort_combined_with_filter_and_search" time="49.014" /></testsuite></testsuites>