<?xml version="1.0" encoding="utf-8"?><testsuites name="pytest tests"><testsuite name="pytest" errors="0" failures="0" skipped="0" tests="6" time="169.560" timestamp="2026-06-11T10:34:12.135236+07:00" hostname="TUANANH"><testcase classname="tests.filter.test_filter_advanced" name="test_filter_all_products_match_brand" time="23.457" /><testcase classname="tests.filter.test_filter_advanced" name="test_unfilter_restores_list" time="26.371" /><testcase classname="tests.filter.test_filter_advanced" name="test_filter_combination_no_results" time="19.126" /><testcase classname="tests.filter.test_filter_advanced" name="test_filter_multiple_conditions_then_remove_one_updates_results" time="49.963" /><testcase classname="tests.test_black_box_extended" name="test_filter_state_persists_after_reload" time="25.410" /><testcase classname="tests.test_black_box_extended" name="test_filter_then_sort_price_keeps_filtered_sorted_results" time="24.936" /></testsuite></testsuites>