<?xml version="1.0" encoding="utf-8"?><testsuites name="pytest tests"><testsuite name="pytest" errors="0" failures="0" skipped="0" tests="38" time="198.424" timestamp="2026-06-12T16:20:23.512319+07:00" hostname="TUANANH"><testcase classname="tests.filter.test_filter_advanced" name="test_filter_all_products_match_brand" time="23.214"><properties><property name="test_case_id" value="TC_FILTER_01" /><property name="test_case_title" value="Lọc sản phẩm theo thương hiệu" /></properties></testcase><testcase classname="tests.search.test_search_functional" name="test_search_autocomplete_suggestion_click_navigates_to_results" time="21.408"><properties><property name="test_case_id" value="TC_SEARCH_03" /><property name="test_case_title" value="Gợi ý autocomplete điều hướng đến kết quả" /></properties></testcase><testcase classname="tests.filter.test_filter_advanced" name="test_filter_multiple_conditions_then_remove_one_updates_results" time="52.687"><properties><property name="test_case_id" value="TC_FILTER_04" /><property name="test_case_title" value="Nhiều điều kiện rồi bỏ một điều kiện" /></properties></testcase><testcase classname="tests.search.test_search_functional" name="test_search_enter_vs_click_icon_same_result" time="18.280"><properties><property name="test_case_id" value="TC_SEARCH_04" /><property name="test_case_title" value="So sánh Enter và click icon tìm kiếm" /></properties></testcase><testcase classname="tests.filter.test_filter_advanced" name="test_unfilter_restores_list" time="26.752"><properties><property name="test_case_id" value="TC_FILTER_02" /><property name="test_case_title" value="Bỏ lọc khôi phục danh sách" /></properties></testcase><testcase classname="tests.search.test_search_regression" name="test_search_vietnamese_accent_and_no_accent" time="14.941"><properties><property name="test_case_id" value="TC_SEARCH_05" /><property name="test_case_title" value="Tìm kiếm tiếng Việt có dấu và không dấu" /></properties></testcase><testcase classname="tests.filter.test_filter_advanced" name="test_filter_combination_no_results" time="18.908"><properties><property name="test_case_id" value="TC_FILTER_03" /><property name="test_case_title" value="Kết hợp filter với tìm kiếm không có kết quả" /></properties></testcase><testcase classname="tests.search.test_search_functional" name="test_search_load_more_preserves_keyword" time="13.873"><properties><property name="test_case_id" value="TC_SEARCH_01" /><property name="test_case_title" value="Tìm kiếm và xem thêm giữ nguyên từ khóa" /></properties></testcase><testcase classname="tests.search.test_search_regression" name="test_search_empty_query" time="9.604"><properties><property name="test_case_id" value="TC_SEARCH_06" /><property name="test_case_title" value="Tìm kiếm rỗng" /></properties></testcase><testcase classname="tests.search.test_search_regression" name="test_search_results_are_scoped_to_main_results_container" time="12.445"><properties><property name="test_case_id" value="TC_SEARCH_08" /><property name="test_case_title" value="Kết quả tìm kiếm nằm đúng vùng kết quả chính" /></properties></testcase><testcase classname="tests.search.test_search_functional" name="test_search_deeplink_query_loads_correct_results" time="17.626"><properties><property name="test_case_id" value="TC_SEARCH_02" /><property name="test_case_title" value="Truy cập deeplink tìm kiếm" /></properties></testcase><testcase classname="tests.search.test_search_regression" name="test_search_then_sort_price_keeps_relevant_sorted_results" time="10.230"><properties><property name="test_case_id" value="TC_SEARCH_10" /><property name="test_case_title" value="Tìm kiếm rồi sắp xếp theo giá" /></properties></testcase><testcase classname="tests.search.test_search_regression" name="test_search_change_keyword_updates_results" time="15.462"><properties><property name="test_case_id" value="TC_SEARCH_09" /><property name="test_case_title" value="Đổi từ khóa cập nhật kết quả" /></properties></testcase><testcase classname="tests.search.test_search_security" name="test_search_xss_payload_is_sanitized[&lt;script&gt;alert(1)&lt;/script&gt;]" time="10.724"><properties><property name="test_case_id" value="TC_SEARCH_21" /><property name="test_case_title" value="Payload XSS script" /></properties></testcase><testcase classname="tests.search.test_search_security" name="test_search_sql_payload_is_handled_safely[' OR '1'='1]" time="15.683"><properties><property name="test_case_id" value="TC_SEARCH_23" /><property name="test_case_title" value="Payload SQL OR 1=1 dạng nháy đơn" /></properties></testcase><testcase classname="tests.search.test_search_security" name="test_search_xss_payload_is_sanitized[&quot;&lt;img src=x onerror=alert(1)&gt;]" time="9.686"><properties><property name="test_case_id" value="TC_SEARCH_22" /><property name="test_case_title" value="Payload XSS img onerror" /></properties></testcase><testcase classname="tests.search.test_search_security" name="test_search_sql_payload_is_handled_safely[' UNION SELECT NULL --]" time="9.605"><properties><property name="test_case_id" value="TC_SEARCH_25" /><property name="test_case_title" value="Payload SQL UNION NULL" /></properties></testcase><testcase classname="tests.search.test_search_security" name="test_search_sql_payload_is_handled_safely[') UNION SELECT NULL,NULL --]" time="9.785"><properties><property name="test_case_id" value="TC_SEARCH_27" /><property name="test_case_title" value="Payload SQL UNION đóng ngoặc" /></properties></testcase><testcase classname="tests.search.test_search_security" name="test_search_sql_payload_is_handled_safely[&quot; OR &quot;1&quot;=&quot;1]" time="9.294"><properties><property name="test_case_id" value="TC_SEARCH_24" /><property name="test_case_title" value="Payload SQL OR 1=1 dạng nháy kép" /></properties></testcase><testcase classname="tests.search.test_search_security" name="test_search_sql_payload_is_handled_safely[' UNION SELECT username,password FROM users --]" time="8.897"><properties><property name="test_case_id" value="TC_SEARCH_26" /><property name="test_case_title" value="Payload SQL UNION username/password" /></properties></testcase><testcase classname="tests.search.test_search_security" name="test_search_sql_payload_is_handled_safely[admin' --]" time="9.634"><properties><property name="test_case_id" value="TC_SEARCH_29" /><property name="test_case_title" value="Payload SQL admin comment" /></properties></testcase><testcase classname="tests.search.test_search_security" name="test_search_sql_payload_is_handled_safely['; DROP TABLE products; --]" time="9.757"><properties><property name="test_case_id" value="TC_SEARCH_28" /><property name="test_case_title" value="Payload SQL DROP TABLE" /></properties></testcase><testcase classname="tests.search.test_search_variants" name="test_search_variants_returns_relevant_results[logitech]" time="8.981"><properties><property name="test_case_id" value="TC_SEARCH_11" /><property name="test_case_title" value="Từ khóa viết thường" /></properties></testcase><testcase classname="tests.search.test_search_variants" name="test_search_variants_returns_relevant_results[Logitech]" time="11.716"><properties><property name="test_case_id" value="TC_SEARCH_12" /><property name="test_case_title" value="Từ khóa viết chuẩn" /></properties></testcase><testcase classname="tests.search.test_search_variants" name="test_search_variants_returns_relevant_results[  Logitech  ]" time="10.017"><properties><property name="test_case_id" value="TC_SEARCH_13" /><property name="test_case_title" value="Từ khóa có khoảng trắng đầu/cuối" /></properties></testcase><testcase classname="tests.search.test_search_variants" name="test_search_variants_returns_relevant_results[Logitech!@#]" time="9.633"><properties><property name="test_case_id" value="TC_SEARCH_14" /><property name="test_case_title" value="Từ khóa có ký tự đặc biệt" /></properties></testcase><testcase classname="tests.search.test_search_variants" name="test_search_typo_tolerance_returns_relevant_results[Logit ech]" time="11.862"><properties><property name="test_case_id" value="TC_SEARCH_16" /><property name="test_case_title" value="Tìm kiếm typo có khoảng trắng giữa từ" /></properties></testcase><testcase classname="tests.search.test_search_variants" name="test_search_typo_tolerance_returns_relevant_results[Logitechk]" time="9.448"><properties><property name="test_case_id" value="TC_SEARCH_17" /><property name="test_case_title" value="Tìm kiếm typo Logitechk" /></properties></testcase><testcase classname="tests.search.test_search_variants" name="test_search_typo_tolerance_returns_relevant_results[Logitec]" time="9.747"><properties><property name="test_case_id" value="TC_SEARCH_15" /><property name="test_case_title" value="Tìm kiếm typo Logitec" /></properties></testcase><testcase classname="tests.search.test_search_variants" name="test_search_typo_tolerance_returns_relevant_results[Logit3ch]" time="9.643"><properties><property name="test_case_id" value="TC_SEARCH_19" /><property name="test_case_title" value="Tìm kiếm typo có số" /></properties></testcase><testcase classname="tests.search.test_search_variants" name="test_search_not_found_shows_no_results" time="9.589"><properties><property name="test_case_id" value="TC_SEARCH_20" /><property name="test_case_title" value="Tìm kiếm không có kết quả" /></properties></testcase><testcase classname="tests.search.test_search_variants" name="test_search_typo_tolerance_returns_relevant_results[Logtech]" time="9.082"><properties><property name="test_case_id" value="TC_SEARCH_18" /><property name="test_case_title" value="Tìm kiếm typo Logtech" /></properties></testcase><testcase classname="tests.sort.test_sort_verification" name="test_sort_price_orders" time="17.944"><properties><property name="test_case_id" value="TC_SORT_01" /><property name="test_case_title" value="Sắp xếp theo giá tăng/giảm" /></properties></testcase><testcase classname="tests.sort.test_sort_verification" name="test_sort_changes_order_for_non_price_options" time="17.975"><properties><property name="test_case_id" value="TC_SORT_02" /><property name="test_case_title" value="Đổi thứ tự với các sort không phải giá" /></properties></testcase><testcase classname="tests.sort.test_sort_verification" name="test_sort_switching_between_sort_types_keeps_results_visible" time="18.966"><properties><property name="test_case_id" value="TC_SORT_03" /><property name="test_case_title" value="Chuyển qua lại giữa các kiểu sort" /></properties></testcase><testcase classname="tests.test_black_box_extended" name="test_filter_state_persists_after_reload" time="28.749"><properties><property name="test_case_id" value="TC_FILTER_05" /><property name="test_case_title" value="Giữ trạng thái filter sau reload" /></properties></testcase><testcase classname="tests.test_black_box_extended" name="test_filter_then_sort_price_keeps_filtered_sorted_results" time="28.147"><properties><property name="test_case_id" value="TC_FILTER_06" /><property name="test_case_title" value="Lọc rồi sắp xếp theo giá" /></properties></testcase><testcase classname="tests.test_regression_filter_sort_search" name="test_preserve_sort_state_on_reload_and_navigation" time="26.904"><properties><property name="test_case_id" value="TC_SORT_04" /><property name="test_case_title" value="Giữ trạng thái sort sau reload và điều hướng" /></properties></testcase></testsuite></testsuites>