<?xml version="1.0" encoding="utf-8"?><testsuites name="pytest tests"><testsuite name="pytest" errors="0" failures="1" skipped="1" tests="38" time="329.652" timestamp="2026-06-12T16:11:46.660113+07:00" hostname="TUANANH"><testcase classname="tests.filter.test_filter_advanced" name="test_filter_all_products_match_brand" time="29.272"><properties><property name="test_case_id" value="TC_FILTER_01" /><property name="test_case_title" value="Lọc sản phẩm theo thương hiệu" /></properties></testcase><testcase classname="tests.filter.test_filter_advanced" name="test_filter_combination_no_results" time="28.584"><properties><property name="test_case_id" value="TC_FILTER_03" /><property name="test_case_title" value="Kết hợp filter với tìm kiếm không có kết quả" /></properties></testcase><testcase classname="tests.search.test_search_functional" name="test_search_load_more_preserves_keyword" time="16.970"><properties><property name="test_case_id" value="TC_SEARCH_01" /><property name="test_case_title" value="Tìm kiếm và xem thêm giữ nguyên từ khóa" /></properties></testcase><testcase classname="tests.search.test_search_functional" name="test_search_autocomplete_suggestion_click_navigates_to_results" time="20.319"><properties><property name="test_case_id" value="TC_SEARCH_03" /><property name="test_case_title" value="Gợi ý autocomplete điều hướng đến kết quả" /></properties><skipped type="pytest.skip" message="No autocomplete suggestions detected on this site">D:\Kiem Thu\tests\search\test_search_functional.py:407: No autocomplete suggestions detected on this site</skipped></testcase><testcase classname="tests.search.test_search_functional" name="test_search_deeplink_query_loads_correct_results" time="38.628"><properties><property name="test_case_id" value="TC_SEARCH_02" /><property name="test_case_title" value="Truy cập deeplink tìm kiếm" /></properties></testcase><testcase classname="tests.search.test_search_functional" name="test_search_enter_vs_click_icon_same_result" time="62.198"><properties><property name="test_case_id" value="TC_SEARCH_04" /><property name="test_case_title" value="So sánh Enter và click icon tìm kiếm" /></properties></testcase><testcase classname="tests.filter.test_filter_advanced" name="test_filter_multiple_conditions_then_remove_one_updates_results" time="72.935"><properties><property name="test_case_id" value="TC_FILTER_04" /><property name="test_case_title" value="Nhiều điều kiện rồi bỏ một điều kiện" /></properties></testcase><testcase classname="tests.filter.test_filter_advanced" name="test_unfilter_restores_list" time="50.735"><properties><property name="test_case_id" value="TC_FILTER_02" /><property name="test_case_title" value="Bỏ lọc khôi phục danh sách" /></properties></testcase><testcase classname="tests.search.test_search_regression" name="test_search_vietnamese_accent_and_no_accent" time="43.047"><properties><property name="test_case_id" value="TC_SEARCH_05" /><property name="test_case_title" value="Tìm kiếm tiếng Việt có dấu và không dấu" /></properties></testcase><testcase classname="tests.search.test_search_regression" name="test_search_results_are_scoped_to_main_results_container" time="27.848"><properties><property name="test_case_id" value="TC_SEARCH_08" /><property name="test_case_title" value="Kết quả tìm kiếm nằm đúng vùng kết quả chính" /></properties></testcase><testcase classname="tests.search.test_search_security" name="test_search_xss_payload_is_sanitized[&quot;&lt;img src=x onerror=alert(1)&gt;]" time="29.689"><properties><property name="test_case_id" value="TC_SEARCH_22" /><property name="test_case_title" value="Payload XSS img onerror" /></properties></testcase><testcase classname="tests.search.test_search_regression" name="test_search_empty_query" time="13.132"><properties><property name="test_case_id" value="TC_SEARCH_06" /><property name="test_case_title" value="Tìm kiếm rỗng" /></properties></testcase><testcase classname="tests.search.test_search_regression" name="test_search_then_sort_price_keeps_relevant_sorted_results" time="45.458"><properties><property name="test_case_id" value="TC_SEARCH_10" /><property name="test_case_title" value="Tìm kiếm rồi sắp xếp theo giá" /></properties></testcase><testcase classname="tests.search.test_search_regression" name="test_search_change_keyword_updates_results" time="38.173"><properties><property name="test_case_id" value="TC_SEARCH_09" /><property name="test_case_title" value="Đổi từ khóa cập nhật kết quả" /></properties></testcase><testcase classname="tests.search.test_search_security" name="test_search_sql_payload_is_handled_safely[' OR '1'='1]" time="37.373"><properties><property name="test_case_id" value="TC_SEARCH_23" /><property name="test_case_title" value="Payload SQL OR 1=1 dạng nháy đơn" /></properties></testcase><testcase classname="tests.search.test_search_security" name="test_search_sql_payload_is_handled_safely[&quot; OR &quot;1&quot;=&quot;1]" time="47.442"><properties><property name="test_case_id" value="TC_SEARCH_24" /><property name="test_case_title" value="Payload SQL OR 1=1 dạng nháy kép" /></properties></testcase><testcase classname="tests.search.test_search_security" name="test_search_xss_payload_is_sanitized[&lt;script&gt;alert(1)&lt;/script&gt;]" time="16.072"><properties><property name="test_case_id" value="TC_SEARCH_21" /><property name="test_case_title" value="Payload XSS script" /></properties></testcase><testcase classname="tests.search.test_search_security" name="test_search_sql_payload_is_handled_safely[' UNION SELECT NULL --]" time="24.550"><properties><property name="test_case_id" value="TC_SEARCH_25" /><property name="test_case_title" value="Payload SQL UNION NULL" /></properties></testcase><testcase classname="tests.search.test_search_security" name="test_search_sql_payload_is_handled_safely[' UNION SELECT username,password FROM users --]" time="30.005"><properties><property name="test_case_id" value="TC_SEARCH_26" /><property name="test_case_title" value="Payload SQL UNION username/password" /></properties></testcase><testcase classname="tests.search.test_search_security" name="test_search_sql_payload_is_handled_safely[') UNION SELECT NULL,NULL --]" time="35.463"><properties><property name="test_case_id" value="TC_SEARCH_27" /><property name="test_case_title" value="Payload SQL UNION đóng ngoặc" /></properties></testcase><testcase classname="tests.search.test_search_security" name="test_search_sql_payload_is_handled_safely['; DROP TABLE products; --]" time="15.499"><properties><property name="test_case_id" value="TC_SEARCH_28" /><property name="test_case_title" value="Payload SQL DROP TABLE" /></properties></testcase><testcase classname="tests.search.test_search_security" name="test_search_sql_payload_is_handled_safely[admin' --]" time="15.428"><properties><property name="test_case_id" value="TC_SEARCH_29" /><property name="test_case_title" value="Payload SQL admin comment" /></properties></testcase><testcase classname="tests.search.test_search_variants" name="test_search_variants_returns_relevant_results[logitech]" time="13.974"><properties><property name="test_case_id" value="TC_SEARCH_11" /><property name="test_case_title" value="Từ khóa viết thường" /></properties></testcase><testcase classname="tests.search.test_search_variants" name="test_search_variants_returns_relevant_results[  Logitech  ]" time="16.436"><properties><property name="test_case_id" value="TC_SEARCH_13" /><property name="test_case_title" value="Từ khóa có khoảng trắng đầu/cuối" /></properties></testcase><testcase classname="tests.search.test_search_variants" name="test_search_variants_returns_relevant_results[Logitech!@#]" time="26.213"><properties><property name="test_case_id" value="TC_SEARCH_14" /><property name="test_case_title" value="Từ khóa có ký tự đặc biệt" /></properties></testcase><testcase classname="tests.search.test_search_variants" name="test_search_typo_tolerance_returns_relevant_results[Logitec]" time="30.759"><properties><property name="test_case_id" value="TC_SEARCH_15" /><property name="test_case_title" value="Tìm kiếm typo Logitec" /></properties></testcase><testcase classname="tests.search.test_search_variants" name="test_search_typo_tolerance_returns_relevant_results[Logit ech]" time="28.277"><properties><property name="test_case_id" value="TC_SEARCH_16" /><property name="test_case_title" value="Tìm kiếm typo có khoảng trắng giữa từ" /></properties></testcase><testcase classname="tests.search.test_search_variants" name="test_search_variants_returns_relevant_results[Logitech]" time="28.570"><properties><property name="test_case_id" value="TC_SEARCH_12" /><property name="test_case_title" value="Từ khóa viết chuẩn" /></properties></testcase><testcase classname="tests.search.test_search_variants" name="test_search_typo_tolerance_returns_relevant_results[Logitechk]" time="24.427"><properties><property name="test_case_id" value="TC_SEARCH_17" /><property name="test_case_title" value="Tìm kiếm typo Logitechk" /></properties></testcase><testcase classname="tests.search.test_search_variants" name="test_search_not_found_shows_no_results" time="24.928"><properties><property name="test_case_id" value="TC_SEARCH_20" /><property name="test_case_title" value="Tìm kiếm không có kết quả" /></properties></testcase><testcase classname="tests.search.test_search_variants" name="test_search_typo_tolerance_returns_relevant_results[Logit3ch]" time="19.505"><properties><property name="test_case_id" value="TC_SEARCH_19" /><property name="test_case_title" value="Tìm kiếm typo có số" /></properties></testcase><testcase classname="tests.search.test_search_variants" name="test_search_typo_tolerance_returns_relevant_results[Logtech]" time="25.593"><properties><property name="test_case_id" value="TC_SEARCH_18" /><property name="test_case_title" value="Tìm kiếm typo Logtech" /></properties></testcase><testcase classname="tests.sort.test_sort_verification" name="test_sort_price_orders" time="26.203"><properties><property name="test_case_id" value="TC_SORT_01" /><property name="test_case_title" value="Sắp xếp theo giá tăng/giảm" /></properties><failure message="AssertionError: No candidate text found. Candidates: ['Giá tăng dần', 'Giá thấp đến cao', 'Giá tăng dần']. Available: ['Sắp xếp theo']">driver = &lt;selenium.webdriver.chrome.webdriver.WebDriver (session="3d0d66280cc7f0be1d7ea8a6a875fa55")&gt;
test_config = {'base_url': 'https://phongvu.vn', 'pages': {'laptop': 'https://phongvu.vn/c/laptop', 'monitor': 'https://phongvu.vn/c...': 'Logitech', 'search_variants': ['logitech', 'Logitech', '  Logitech  ', 'Logitech!@#', 'nonexistentsku12345'], ...}}

    def test_sort_price_orders(driver, test_config):
        monitor_url = test_config["pages"]["monitor"]
        sort_opts = test_config["test_data"]["sort_options"]
        sort_candidates = test_config["test_data"].get("sort_option_candidates", [])
    
        driver.get(monitor_url)
&gt;       candidate = resolve_available_text(driver, [sort_opts.get("price_asc"), *sort_candidates])
                    ^^^^^^^^^^^^^^^^^^^^^^^^^^^^^^^^^^^^^^^^^^^^^^^^^^^^^^^^^^^^^^^^^^^^^^^^^^^^^^

tests\sort\test_sort_verification.py:35: 
_ _ _ _ _ _ _ _ _ _ _ _ _ _ _ _ _ _ _ _ _ _ _ _ _ _ _ _ _ _ _ _ _ _ _ _ _ _ _ _

driver = &lt;selenium.webdriver.chrome.webdriver.WebDriver (session="3d0d66280cc7f0be1d7ea8a6a875fa55")&gt;
candidates = ['Giá tăng dần', 'Giá thấp đến cao', 'Giá tăng dần'], timeout = 10

    def resolve_available_text(driver, candidates, timeout=10):
        """Resolve an available sort text from candidate labels."""
        end_time = time.time() + timeout
        available_texts = []
    
        while time.time() &lt; end_time:
            try:
                remaining = max(0.5, min(2, end_time - time.time()))
                sort_container = _find_sort_container(driver, timeout=remaining)
                elements = sort_container.find_elements(By.XPATH, ".//*[normalize-space()]")
                available_texts = []
                for element in elements:
                    try:
                        text = element.text.strip()
                        if text and text not in available_texts:
                            available_texts.append(text)
                    except Exception:
                        continue
            except Exception:
                available_texts = []
    
            normalized_texts = [_normalize_text(text) for text in available_texts]
            for candidate in candidates:
                normalized_candidate = _normalize_text(candidate)
                for normalized_text, raw_text in zip(normalized_texts, available_texts):
                    if normalized_candidate == normalized_text:
                        return raw_text
                for normalized_text, raw_text in zip(normalized_texts, available_texts):
                    if normalized_candidate in normalized_text or normalized_text in normalized_candidate:
                        return raw_text
    
            time.sleep(0.25)
    
&gt;       raise AssertionError(f"No candidate text found. Candidates: {candidates}. Available: {available_texts}")
E       AssertionError: No candidate text found. Candidates: ['Giá tăng dần', 'Giá thấp đến cao', 'Giá tăng dần']. Available: ['Sắp xếp theo']

pages\catalog_page.py:550: AssertionError</failure></testcase><testcase classname="tests.sort.test_sort_verification" name="test_sort_changes_order_for_non_price_options" time="63.414"><properties><property name="test_case_id" value="TC_SORT_02" /><property name="test_case_title" value="Đổi thứ tự với các sort không phải giá" /></properties></testcase><testcase classname="tests.sort.test_sort_verification" name="test_sort_switching_between_sort_types_keeps_results_visible" time="70.328"><properties><property name="test_case_id" value="TC_SORT_03" /><property name="test_case_title" value="Chuyển qua lại giữa các kiểu sort" /></properties></testcase><testcase classname="tests.test_black_box_extended" name="test_filter_state_persists_after_reload" time="54.204"><properties><property name="test_case_id" value="TC_FILTER_05" /><property name="test_case_title" value="Giữ trạng thái filter sau reload" /></properties></testcase><testcase classname="tests.test_black_box_extended" name="test_filter_then_sort_price_keeps_filtered_sorted_results" time="50.042"><properties><property name="test_case_id" value="TC_FILTER_06" /><property name="test_case_title" value="Lọc rồi sắp xếp theo giá" /></properties></testcase><testcase classname="tests.test_regression_filter_sort_search" name="test_preserve_sort_state_on_reload_and_navigation" time="20.872"><properties><property name="test_case_id" value="TC_SORT_04" /><property name="test_case_title" value="Giữ trạng thái sort sau reload và điều hướng" /></properties></testcase></testsuite></testsuites>