<?xml version="1.0" encoding="utf-8"?><testsuites name="pytest tests"><testsuite name="pytest" errors="0" failures="0" skipped="0" tests="31" time="507.866" timestamp="2026-06-11T10:51:51.500244+07:00" hostname="TUANANH"><testcase classname="tests.filter.test_filter_advanced" name="test_filter_all_products_match_brand" time="25.315" /><testcase classname="tests.filter.test_filter_advanced" name="test_unfilter_restores_list" time="27.363" /><testcase classname="tests.filter.test_filter_advanced" name="test_filter_combination_no_results" time="19.532" /><testcase classname="tests.filter.test_filter_advanced" name="test_filter_multiple_conditions_then_remove_one_updates_results" time="52.361" /><testcase classname="tests.search.test_search_functional" name="test_search_load_more_preserves_keyword" time="11.423" /><testcase classname="tests.search.test_search_functional" name="test_search_deeplink_query_loads_correct_results" time="18.755" /><testcase classname="tests.search.test_search_functional" name="test_search_autocomplete_suggestion_click_navigates_to_results" time="20.031" /><testcase classname="tests.search.test_search_functional" name="test_search_enter_vs_click_icon_same_result" time="20.146" /><testcase classname="tests.search.test_search_regression" name="test_search_vietnamese_accent_and_no_accent" time="19.651" /><testcase classname="tests.search.test_search_regression" name="test_search_empty_query" time="9.622" /><testcase classname="tests.search.test_search_regression" name="test_search_results_are_scoped_to_main_results_container" time="12.202" /><testcase classname="tests.search.test_search_regression" name="test_search_change_keyword_updates_results" time="12.426" /><testcase classname="tests.search.test_search_regression" name="test_search_then_sort_price_keeps_relevant_sorted_results" time="10.471" /><testcase classname="tests.search.test_search_variants" name="test_search_variants_returns_relevant_results[logitech]" time="9.932" /><testcase classname="tests.search.test_search_variants" name="test_search_variants_returns_relevant_results[Logitech]" time="8.524" /><testcase classname="tests.search.test_search_variants" name="test_search_variants_returns_relevant_results[  Logitech  ]" time="9.882" /><testcase classname="tests.search.test_search_variants" name="test_search_variants_returns_relevant_results[Logitech!@#]" time="9.880" /><testcase classname="tests.search.test_search_variants" name="test_search_typo_tolerance_returns_relevant_results[Logitec]" time="9.748" /><testcase classname="tests.search.test_search_variants" name="test_search_typo_tolerance_returns_relevant_results[Logit ech]" time="12.124" /><testcase classname="tests.search.test_search_variants" name="test_search_typo_tolerance_returns_relevant_results[Logitechk]" time="9.009" /><testcase classname="tests.search.test_search_variants" name="test_search_typo_tolerance_returns_relevant_results[Logtech]" time="10.274" /><testcase classname="tests.search.test_search_variants" name="test_search_typo_tolerance_returns_relevant_results[Logit3ch]" time="8.282" /><testcase classname="tests.search.test_search_variants" name="test_search_not_found_shows_no_results" time="10.092" /><testcase classname="tests.sort.test_sort_verification" name="test_sort_price_orders" time="17.811" /><testcase classname="tests.sort.test_sort_verification" name="test_sort_changes_order_for_non_price_options" time="22.832" /><testcase classname="tests.sort.test_sort_verification" name="test_sort_switching_between_sort_types_keeps_results_visible" time="16.997" /><testcase classname="tests.test_black_box_extended" name="test_filter_state_persists_after_reload" time="28.499" /><testcase classname="tests.test_black_box_extended" name="test_filter_then_sort_price_keeps_filtered_sorted_results" time="25.341" /><testcase classname="tests.test_negative_cases" name="test_missing_selector_raises" time="6.672" /><testcase classname="tests.test_negative_cases" name="test_slow_page_timeout" time="5.646" /><testcase classname="tests.test_regression_filter_sort_search" name="test_preserve_sort_state_on_reload_and_navigation" time="26.494" /></testsuite></testsuites>