<?xml version="1.0" encoding="utf-8"?><testsuites name="pytest tests"><testsuite name="pytest" errors="0" failures="0" skipped="0" tests="1" time="8.343" timestamp="2026-06-12T00:43:46.190593+07:00" hostname="TUANANH"><testcase classname="tests.search.test_search_variants" name="test_search_not_found_shows_no_results" time="8.319"><properties><property name="test_case_id" value="TC_SEARCH_20" /><property name="test_case_title" value="Tìm kiếm không có kết quả" /></properties></testcase></testsuite></testsuites>