<?xml version="1.0" encoding="utf-8"?><testsuites name="pytest tests"><testsuite name="pytest" errors="0" failures="0" skipped="0" tests="1" time="18.327" timestamp="2026-06-12T16:19:44.488504+07:00" hostname="TUANANH"><testcase classname="tests.search.test_search_functional" name="test_search_autocomplete_suggestion_click_navigates_to_results" time="18.026"><properties><property name="test_case_id" value="TC_SEARCH_03" /><property name="test_case_title" value="Gợi ý autocomplete điều hướng đến kết quả" /></properties></testcase></testsuite></testsuites>