<?xml version="1.0" encoding="utf-8"?><testsuites name="pytest tests"><testsuite name="pytest" errors="0" failures="3" skipped="0" tests="41" time="1382.588" timestamp="2026-06-11T13:08:08.193273+07:00" hostname="TUANANH"><testcase classname="tests.filter.test_filter_advanced" name="test_filter_all_products_match_brand" time="35.336" /><testcase classname="tests.filter.test_filter_advanced" name="test_unfilter_restores_list" time="28.517" /><testcase classname="tests.filter.test_filter_advanced" name="test_filter_combination_no_results" time="21.537" /><testcase classname="tests.filter.test_filter_advanced" name="test_filter_multiple_conditions_then_remove_one_updates_results" time="52.635" /><testcase classname="tests.search.test_search_functional" name="test_search_load_more_preserves_keyword" time="14.401" /><testcase classname="tests.search.test_search_functional" name="test_search_deeplink_query_loads_correct_results" time="18.614" /><testcase classname="tests.search.test_search_functional" name="test_search_autocomplete_suggestion_click_navigates_to_results" time="21.450" /><testcase classname="tests.search.test_search_functional" name="test_search_enter_vs_click_icon_same_result" time="6.933"><failure message="selenium.common.exceptions.StaleElementReferenceException: Message: stale element reference: stale element not found in the current frame&#10;  (Session info: chrome=149.0.7827.103); For documentation on this error, please visit: https://www.selenium.dev/documentation/webdriver/troubleshooting/errors#staleelementreferenceexception&#10;Stacktrace:&#10;&#09;chromedriver!GetHandleVerifier [0x7ff71ba73435+14875]&#10;&#09;chromedriver!GetHandleVerifier [0x7ff71ba73490+148d0]&#10;&#09;chromedriver!(No symbol) [0x7ff71b5c778d]&#10;&#09;chromedriver!(No symbol) [0x7ff71b5cf6f1]&#10;&#09;chromedriver!(No symbol) [0x7ff71b5d26b5]&#10;&#09;chromedriver!(No symbol) [0x7ff71b5d277f]&#10;&#09;chromedriver!(No symbol) [0x7ff71b623d40]&#10;&#09;chromedriver!(No symbol) [0x7ff71b6181e7]&#10;&#09;chromedriver!(No symbol) [0x7ff71b64a27a]&#10;&#09;chromedriver!(No symbol) [0x7ff71b6156a6]&#10;&#09;chromedriver!(No symbol) [0x7ff71b66e9fc]&#10;&#09;chromedriver!(No symbol) [0x7ff71b613eb0]&#10;&#09;chromedriver!(No symbol) [0x7ff71b614e23]&#10;&#09;chromedriver!GetHandleVerifier [0x7ff71c056c91+5f80d1]&#10;&#09;chromedriver!GetHandleVerifier [0x7ff71c05101b+5f245b]&#10;&#09;chromedriver!GetHandleVerifier [0x7ff71c076305+617745]&#10;&#09;chromedriver!GetHandleVerifier [0x7ff71ba903ee+3182e]&#10;&#09;chromedriver!GetHandleVerifier [0x7ff71ba98b0c+39f4c]&#10;&#09;chromedriver!GetHandleVerifier [0x7ff71ba7cb04+1df44]&#10;&#09;chromedriver!GetHandleVerifier [0x7ff71ba7cc94+1e0d4]&#10;&#09;chromedriver!GetHandleVerifier [0x7ff71ba60997+1dd7]&#10;&#09;KERNEL32!BaseThreadInitThunk [0x7ff8a83fe957+17]&#10;&#09;ntdll!RtlUserThreadStart [0x7ff8a890427c+2c]">driver = &lt;selenium.webdriver.chrome.webdriver.WebDriver (session="0c1cf0b16b254b4d4190085811dc006e")&gt;
test_config = {'base_url': 'https://phongvu.vn', 'pages': {'laptop': 'https://phongvu.vn/c/laptop', 'monitor': 'https://phongvu.vn/c...': 'Logitech', 'search_variants': ['logitech', 'Logitech', '  Logitech  ', 'Logitech!@#', 'nonexistentsku12345'], ...}}

    def test_search_enter_vs_click_icon_same_result(driver, test_config):
        """So sánh kết quả tìm kiếm giữa việc nhấn phím Enter và việc click chuột vào biểu tượng kính lúp tìm kiếm."""
        keyword = test_config["test_data"].get("search_keyword", "Logitech")
        driver.get(test_config["base_url"])
    
        # Enter submit
        search_input = find_search_input(driver, test_config, timeout=5)
&gt;       search_input.clear()

tests\search\test_search_functional.py:409: 
_ _ _ _ _ _ _ _ _ _ _ _ _ _ _ _ _ _ _ _ _ _ _ _ _ _ _ _ _ _ _ _ _ _ _ _ _ _ _ _
.venv\Lib\site-packages\selenium\webdriver\remote\webelement.py:147: in clear
    self._execute(Command.CLEAR_ELEMENT)
.venv\Lib\site-packages\selenium\webdriver\remote\webelement.py:508: in _execute
    return self._parent.execute(command, params)
           ^^^^^^^^^^^^^^^^^^^^^^^^^^^^^^^^^^^^^
.venv\Lib\site-packages\selenium\webdriver\remote\webdriver.py:468: in execute
    self.error_handler.check_response(response)
_ _ _ _ _ _ _ _ _ _ _ _ _ _ _ _ _ _ _ _ _ _ _ _ _ _ _ _ _ _ _ _ _ _ _ _ _ _ _ _

self = &lt;selenium.webdriver.remote.errorhandler.ErrorHandler object at 0x000001F23D2C6140&gt;
response = {'status': 404, 'value': '{"value":{"error":"stale element reference","message":"stale element reference: stale elemen...7+1dd7]\\n\\tKERNEL32!BaseThreadInitThunk [0x7ff8a83fe957+17]\\n\\tntdll!RtlUserThreadStart [0x7ff8a890427c+2c]\\n"}}'}

    def check_response(self, response: dict[str, Any]) -&gt; None:
        """Check that a JSON response from the WebDriver does not have an error.
    
        Args:
            response: The JSON response from the WebDriver server as a dictionary
                object.
    
        Raises:
            WebDriverException: If the response contains an error message.
        """
        status = response.get("status", None)
        if not status or status == ErrorCode.SUCCESS:
            return
        value = None
        message = response.get("message", "")
        screen: str = response.get("screen", "")
        stacktrace = None
        if isinstance(status, int):
            value_json = response.get("value", None)
            if value_json and isinstance(value_json, str):
                try:
                    value = json.loads(value_json)
                    if isinstance(value, dict):
                        if len(value) == 1:
                            value = value["value"]
                        status = value.get("error", None)
                        if not status:
                            status = value.get("status", ErrorCode.UNKNOWN_ERROR)
                            message = value.get("value") or value.get("message")
                            if not isinstance(message, str):
                                value = message
                                message = message.get("message") if isinstance(message, dict) else None
                        else:
                            message = value.get("message", None)
                except ValueError:
                    pass
    
        exception_class: type[WebDriverException]
        e = ErrorCode()
        error_codes = [item for item in dir(e) if not item.startswith("__")]
        for error_code in error_codes:
            error_info = getattr(ErrorCode, error_code)
            if isinstance(error_info, list) and status in error_info:
                exception_class = getattr(ExceptionMapping, error_code, WebDriverException)
                break
        else:
            exception_class = WebDriverException
    
        if not value:
            value = response["value"]
        if isinstance(value, str):
            raise exception_class(value)
        if message == "" and "message" in value:
            message = value["message"]
    
        screen = None  # type: ignore[assignment]
        if "screen" in value:
            screen = value["screen"]
    
        stacktrace = None
        st_value = value.get("stackTrace") or value.get("stacktrace")
        if st_value:
            if isinstance(st_value, str):
                stacktrace = st_value.split("\n")
            else:
                stacktrace = []
                try:
                    for frame in st_value:
                        line = frame.get("lineNumber", "")
                        file = frame.get("fileName", "&lt;anonymous&gt;")
                        if line:
                            file = f"{file}:{line}"
                        meth = frame.get("methodName", "&lt;anonymous&gt;")
                        if "className" in frame:
                            meth = f"{frame['className']}.{meth}"
                        msg = "    at %s (%s)"
                        msg = msg % (meth, file)
                        stacktrace.append(msg)
                except TypeError:
                    pass
        if exception_class == UnexpectedAlertPresentException:
            alert_text = None
            if "data" in value:
                alert_text = value["data"].get("text")
            elif "alert" in value:
                alert_text = value["alert"].get("text")
            raise exception_class(message, screen, stacktrace, alert_text)
&gt;       raise exception_class(message, screen, stacktrace)
E       selenium.common.exceptions.StaleElementReferenceException: Message: stale element reference: stale element not found in the current frame
E         (Session info: chrome=149.0.7827.103); For documentation on this error, please visit: https://www.selenium.dev/documentation/webdriver/troubleshooting/errors#staleelementreferenceexception
E       Stacktrace:
E       	chromedriver!GetHandleVerifier [0x7ff71ba73435+14875]
E       	chromedriver!GetHandleVerifier [0x7ff71ba73490+148d0]
E       	chromedriver!(No symbol) [0x7ff71b5c778d]
E       	chromedriver!(No symbol) [0x7ff71b5cf6f1]
E       	chromedriver!(No symbol) [0x7ff71b5d26b5]
E       	chromedriver!(No symbol) [0x7ff71b5d277f]
E       	chromedriver!(No symbol) [0x7ff71b623d40]
E       	chromedriver!(No symbol) [0x7ff71b6181e7]
E       	chromedriver!(No symbol) [0x7ff71b64a27a]
E       	chromedriver!(No symbol) [0x7ff71b6156a6]
E       	chromedriver!(No symbol) [0x7ff71b66e9fc]
E       	chromedriver!(No symbol) [0x7ff71b613eb0]
E       	chromedriver!(No symbol) [0x7ff71b614e23]
E       	chromedriver!GetHandleVerifier [0x7ff71c056c91+5f80d1]
E       	chromedriver!GetHandleVerifier [0x7ff71c05101b+5f245b]
E       	chromedriver!GetHandleVerifier [0x7ff71c076305+617745]
E       	chromedriver!GetHandleVerifier [0x7ff71ba903ee+3182e]
E       	chromedriver!GetHandleVerifier [0x7ff71ba98b0c+39f4c]
E       	chromedriver!GetHandleVerifier [0x7ff71ba7cb04+1df44]
E       	chromedriver!GetHandleVerifier [0x7ff71ba7cc94+1e0d4]
E       	chromedriver!GetHandleVerifier [0x7ff71ba60997+1dd7]
E       	KERNEL32!BaseThreadInitThunk [0x7ff8a83fe957+17]
E       	ntdll!RtlUserThreadStart [0x7ff8a890427c+2c]

.venv\Lib\site-packages\selenium\webdriver\remote\errorhandler.py:232: StaleElementReferenceException</failure></testcase><testcase classname="tests.search.test_search_regression" name="test_search_vietnamese_accent_and_no_accent" time="14.831" /><testcase classname="tests.search.test_search_regression" name="test_search_empty_query" time="9.623" /><testcase classname="tests.search.test_search_regression" name="test_search_very_long_query" time="187.956"><failure message="Failed: FREEZE: Trinh duyet bi treo hoan toan. So lan paste on dinh truoc khi treo: 5. Lan paste gay treo: 6. Click sau khi khong them du ky tu: KHONG THUC HIEN DUOC vi browser/WebDriver timeout trong luc Ctrl+V. Loi: HTTPConnectionPool(host='localhost', port=54753): Max retries exceeded with url: /session/36a1dbb7b4db1bb93039a04e91ffc7c6/element/f.E395417911E1F4CC17B79A50E8064CF5.d.1FD17F834675660675E5730F92375E73.e.91/value (Caused by NewConnectionError(&quot;HTTPConnection(host='localhost', port=54753): Failed to establish a new connection: [WinError 10061] No connection could be made because the target machine actively refused it&quot;))">[WinError 10061] No connection could be made because the target machine actively refused it

The above exception was the direct cause of the following exception:
HTTPConnection(host='localhost', port=54753): Failed to establish a new connection: [WinError 10061] No connection could be made because the target machine actively refused it

The above exception was the direct cause of the following exception:
HTTPConnectionPool(host='localhost', port=54753): Max retries exceeded with url: /session/36a1dbb7b4db1bb93039a04e91ffc7c6/element/f.E395417911E1F4CC17B79A50E8064CF5.d.1FD17F834675660675E5730F92375E73.e.91/value (Caused by NewConnectionError("HTTPConnection(host='localhost', port=54753): Failed to establish a new connection: [WinError 10061] No connection could be made because the target machine actively refused it"))

During handling of the above exception, another exception occurred:
FREEZE: Trinh duyet bi treo hoan toan. So lan paste on dinh truoc khi treo: 5. Lan paste gay treo: 6. Click sau khi khong them du ky tu: KHONG THUC HIEN DUOC vi browser/WebDriver timeout trong luc Ctrl+V. Loi: HTTPConnectionPool(host='localhost', port=54753): Max retries exceeded with url: /session/36a1dbb7b4db1bb93039a04e91ffc7c6/element/f.E395417911E1F4CC17B79A50E8064CF5.d.1FD17F834675660675E5730F92375E73.e.91/value (Caused by NewConnectionError("HTTPConnection(host='localhost', port=54753): Failed to establish a new connection: [WinError 10061] No connection could be made because the target machine actively refused it"))</failure></testcase><testcase classname="tests.search.test_search_regression" name="test_search_results_are_scoped_to_main_results_container" time="24.751" /><testcase classname="tests.search.test_search_regression" name="test_search_change_keyword_updates_results" time="14.171" /><testcase classname="tests.search.test_search_regression" name="test_search_then_sort_price_keeps_relevant_sorted_results" time="20.802" /><testcase classname="tests.search.test_search_security" name="test_search_xss_payload_is_sanitized[&lt;script&gt;alert(1)&lt;/script&gt;]" time="14.268" /><testcase classname="tests.search.test_search_security" name="test_search_xss_payload_is_sanitized[&quot;&lt;img src=x onerror=alert(1)&gt;]" time="14.005" /><testcase classname="tests.search.test_search_security" name="test_search_sql_payload_is_handled_safely[' OR '1'='1]" time="37.716" /><testcase classname="tests.search.test_search_security" name="test_search_sql_payload_is_handled_safely[&quot; OR &quot;1&quot;=&quot;1]" time="25.574" /><testcase classname="tests.search.test_search_security" name="test_search_sql_payload_is_handled_safely[' UNION SELECT NULL --]" time="29.857" /><testcase classname="tests.search.test_search_security" name="test_search_sql_payload_is_handled_safely[' UNION SELECT username,password FROM users --]" time="13.685" /><testcase classname="tests.search.test_search_security" name="test_search_sql_payload_is_handled_safely[') UNION SELECT NULL,NULL --]" time="14.034" /><testcase classname="tests.search.test_search_security" name="test_search_sql_payload_is_handled_safely['; DROP TABLE products; --]" time="12.310" /><testcase classname="tests.search.test_search_security" name="test_search_sql_payload_is_handled_safely[admin' --]" time="14.294" /><testcase classname="tests.search.test_search_variants" name="test_search_variants_returns_relevant_results[logitech]" time="13.193" /><testcase classname="tests.search.test_search_variants" name="test_search_variants_returns_relevant_results[Logitech]" time="18.462" /><testcase classname="tests.search.test_search_variants" name="test_search_variants_returns_relevant_results[  Logitech  ]" time="18.477" /><testcase classname="tests.search.test_search_variants" name="test_search_variants_returns_relevant_results[Logitech!@#]" time="19.812" /><testcase classname="tests.search.test_search_variants" name="test_search_typo_tolerance_returns_relevant_results[Logitec]" time="18.554" /><testcase classname="tests.search.test_search_variants" name="test_search_typo_tolerance_returns_relevant_results[Logit ech]" time="20.654" /><testcase classname="tests.search.test_search_variants" name="test_search_typo_tolerance_returns_relevant_results[Logitechk]" time="17.996" /><testcase classname="tests.search.test_search_variants" name="test_search_typo_tolerance_returns_relevant_results[Logtech]" time="15.767" /><testcase classname="tests.search.test_search_variants" name="test_search_typo_tolerance_returns_relevant_results[Logit3ch]" time="13.651" /><testcase classname="tests.search.test_search_variants" name="test_search_not_found_shows_no_results" time="45.299" /><testcase classname="tests.sort.test_sort_verification" name="test_sort_price_orders" time="44.078" /><testcase classname="tests.sort.test_sort_verification" name="test_sort_changes_order_for_non_price_options" time="27.912" /><testcase classname="tests.sort.test_sort_verification" name="test_sort_switching_between_sort_types_keeps_results_visible" time="33.587" /><testcase classname="tests.test_black_box_extended" name="test_filter_state_persists_after_reload" time="41.357" /><testcase classname="tests.test_black_box_extended" name="test_filter_then_sort_price_keeps_filtered_sorted_results" time="35.631" /><testcase classname="tests.test_negative_cases" name="test_missing_selector_raises" time="8.051" /><testcase classname="tests.test_negative_cases" name="test_slow_page_timeout" time="8.234" /><testcase classname="tests.test_regression_filter_sort_search" name="test_preserve_sort_state_on_reload_and_navigation" time="332.716"><failure message="urllib3.exceptions.ReadTimeoutError: HTTPConnectionPool(host='localhost', port=55938): Read timed out. (read timeout=30)">self = &lt;urllib3.connectionpool.HTTPConnectionPool object at 0x000001F23BAFEA50&gt;
conn = &lt;HTTPConnection(host='localhost', port=55938) at 0x1f23bcfff00&gt;
method = 'POST', url = '/session/58288b398c5888b3164b056d0be14ff5/url'
body = '{"url": "https://phongvu.vn/c/laptop?sort=SORT_BY_PRICE&amp;order=ASC"}'
headers = HTTPHeaderDict({'Accept': 'application/json', 'Content-Type': 'application/json;charset=UTF-8', 'User-Agent': 'selenium/4.44.0 (python win32)', 'Connection': 'keep-alive'})
retries = Retry(total=3, connect=None, read=None, redirect=None, status=None)
timeout = Timeout(connect=30, read=30, total=None), chunked = False
response_conn = None, preload_content = True, decode_content = True
enforce_content_length = True

    def _make_request(
        self,
        conn: BaseHTTPConnection,
        method: str,
        url: str,
        body: _TYPE_BODY | None = None,
        headers: typing.Mapping[str, str] | None = None,
        retries: Retry | None = None,
        timeout: _TYPE_TIMEOUT = _DEFAULT_TIMEOUT,
        chunked: bool = False,
        response_conn: BaseHTTPConnection | None = None,
        preload_content: bool = True,
        decode_content: bool = True,
        enforce_content_length: bool = True,
    ) -&gt; BaseHTTPResponse:
        """
        Perform a request on a given urllib connection object taken from our
        pool.
    
        :param conn:
            a connection from one of our connection pools
    
        :param method:
            HTTP request method (such as GET, POST, PUT, etc.)
    
        :param url:
            The URL to perform the request on.
    
        :param body:
            Data to send in the request body, either :class:`str`, :class:`bytes`,
            an iterable of :class:`str`/:class:`bytes`, or a file-like object.
    
        :param headers:
            Dictionary of custom headers to send, such as User-Agent,
            If-None-Match, etc. If None, pool headers are used. If provided,
            these headers completely replace any pool-specific headers.
    
        :param retries:
            Configure the number of retries to allow before raising a
            :class:`~urllib3.exceptions.MaxRetryError` exception.
    
            Pass ``None`` to retry until you receive a response. Pass a
            :class:`~urllib3.util.retry.Retry` object for fine-grained control
            over different types of retries.
            Pass an integer number to retry connection errors that many times,
            but no other types of errors. Pass zero to never retry.
    
            If ``False``, then retries are disabled and any exception is raised
            immediately. Also, instead of raising a MaxRetryError on redirects,
            the redirect response will be returned.
    
        :type retries: :class:`~urllib3.util.retry.Retry`, False, or an int.
    
        :param timeout:
            If specified, overrides the default timeout for this one
            request. It may be a float (in seconds) or an instance of
            :class:`urllib3.util.Timeout`.
    
        :param chunked:
            If True, urllib3 will send the body using chunked transfer
            encoding. Otherwise, urllib3 will send the body using the standard
            content-length form. Defaults to False.
    
        :param response_conn:
            Set this to ``None`` if you will handle releasing the connection or
            set the connection to have the response release it.
    
        :param preload_content:
          If True, the response's body will be preloaded during construction.
    
        :param decode_content:
            If True, will attempt to decode the body based on the
            'content-encoding' header.
    
        :param enforce_content_length:
            Enforce content length checking. Body returned by server must match
            value of Content-Length header, if present. Otherwise, raise error.
        """
        self.num_requests += 1
    
        timeout_obj = self._get_timeout(timeout)
        timeout_obj.start_connect()
        conn.timeout = Timeout.resolve_default_timeout(timeout_obj.connect_timeout)
    
        try:
            # Trigger any extra validation we need to do.
            try:
                self._validate_conn(conn)
            except (SocketTimeout, BaseSSLError) as e:
                self._raise_timeout(err=e, url=url, timeout_value=conn.timeout)
                raise
    
        # _validate_conn() starts the connection to an HTTPS proxy
        # so we need to wrap errors with 'ProxyError' here too.
        except (
            OSError,
            NewConnectionError,
            TimeoutError,
            BaseSSLError,
            CertificateError,
            SSLError,
        ) as e:
            new_e: Exception = e
            if isinstance(e, (BaseSSLError, CertificateError)):
                new_e = SSLError(e)
            # If the connection didn't successfully connect to it's proxy
            # then there
            if isinstance(
                new_e, (OSError, NewConnectionError, TimeoutError, SSLError)
            ) and (conn and conn.proxy and not conn.has_connected_to_proxy):
                new_e = _wrap_proxy_error(new_e, conn.proxy.scheme)
            raise new_e
    
        # conn.request() calls http.client.*.request, not the method in
        # urllib3.request. It also calls makefile (recv) on the socket.
        try:
            conn.request(
                method,
                url,
                body=body,
                headers=headers,
                chunked=chunked,
                preload_content=preload_content,
                decode_content=decode_content,
                enforce_content_length=enforce_content_length,
            )
    
        # We are swallowing BrokenPipeError (errno.EPIPE) since the server is
        # legitimately able to close the connection after sending a valid response.
        # With this behaviour, the received response is still readable.
        except BrokenPipeError:
            pass
        except OSError as e:
            # MacOS/Linux
            # EPROTOTYPE and ECONNRESET are needed on macOS
            # https://erickt.github.io/blog/2014/11/19/adventures-in-debugging-a-potential-osx-kernel-bug/
            # Condition changed later to emit ECONNRESET instead of only EPROTOTYPE.
            if e.errno != errno.EPROTOTYPE and e.errno != errno.ECONNRESET:
                raise
    
        # Reset the timeout for the recv() on the socket
        read_timeout = timeout_obj.read_timeout
    
        if not conn.is_closed:
            # In Python 3 socket.py will catch EAGAIN and return None when you
            # try and read into the file pointer created by http.client, which
            # instead raises a BadStatusLine exception. Instead of catching
            # the exception and assuming all BadStatusLine exceptions are read
            # timeouts, check for a zero timeout before making the request.
            if read_timeout == 0:
                raise ReadTimeoutError(
                    self, url, f"Read timed out. (read timeout={read_timeout})"
                )
            conn.timeout = read_timeout
    
        # Receive the response from the server
        try:
&gt;           response = conn.getresponse()
                       ^^^^^^^^^^^^^^^^^^

.venv\Lib\site-packages\urllib3\connectionpool.py:534: 
_ _ _ _ _ _ _ _ _ _ _ _ _ _ _ _ _ _ _ _ _ _ _ _ _ _ _ _ _ _ _ _ _ _ _ _ _ _ _ _
.venv\Lib\site-packages\urllib3\connection.py:571: in getresponse
    httplib_response = super().getresponse()
                       ^^^^^^^^^^^^^^^^^^^^^
C:\Users\84867\AppData\Local\Programs\Python\Python314\Lib\http\client.py:1430: in getresponse
    response.begin()
C:\Users\84867\AppData\Local\Programs\Python\Python314\Lib\http\client.py:331: in begin
    version, status, reason = self._read_status()
                              ^^^^^^^^^^^^^^^^^^^
C:\Users\84867\AppData\Local\Programs\Python\Python314\Lib\http\client.py:292: in _read_status
    line = str(self.fp.readline(_MAXLINE + 1), "iso-8859-1")
               ^^^^^^^^^^^^^^^^^^^^^^^^^^^^^^
_ _ _ _ _ _ _ _ _ _ _ _ _ _ _ _ _ _ _ _ _ _ _ _ _ _ _ _ _ _ _ _ _ _ _ _ _ _ _ _

self = &lt;socket.SocketIO object at 0x000001F23E35F160&gt;
b = &lt;memory at 0x000001F23BAFF340&gt;

    def readinto(self, b):
        """Read up to len(b) bytes into the writable buffer *b* and return
        the number of bytes read.  If the socket is non-blocking and no bytes
        are available, None is returned.
    
        If *b* is non-empty, a 0 return value indicates that the connection
        was shutdown at the other end.
        """
        self._checkClosed()
        self._checkReadable()
        if self._timeout_occurred:
            raise OSError("cannot read from timed out object")
        try:
&gt;           return self._sock.recv_into(b)
                   ^^^^^^^^^^^^^^^^^^^^^^^
E           TimeoutError: timed out

C:\Users\84867\AppData\Local\Programs\Python\Python314\Lib\socket.py:725: TimeoutError

The above exception was the direct cause of the following exception:

driver = &lt;selenium.webdriver.chrome.webdriver.WebDriver (session="58288b398c5888b3164b056d0be14ff5")&gt;
test_config = {'base_url': 'https://phongvu.vn', 'pages': {'laptop': 'https://phongvu.vn/c/laptop', 'monitor': 'https://phongvu.vn/c...': 'Logitech', 'search_variants': ['logitech', 'Logitech', '  Logitech  ', 'Logitech!@#', 'nonexistentsku12345'], ...}}

    def test_preserve_sort_state_on_reload_and_navigation(driver, test_config):
        """Regression: price ascending sort state is preserved after reload and navigation back."""
        driver.get(test_config["pages"]["laptop"])
        wait = WebDriverWait(driver, 20)
    
        sort_option = test_config.get("test_data", {}).get("sort_option") or test_config["test_data"].get("sort_option_candidates", [None])[0]
        assert sort_option, "Missing sort_option in config"
    
        try:
            resolved = resolve_available_text(driver, test_config["test_data"].get("sort_option_candidates", [sort_option]))
        except AssertionError:
            resolved = sort_option
    
        apply_sort_option(driver, resolved)
        wait.until(lambda d: "sort=" in d.current_url.lower() or "order=" in d.current_url.lower())
    
        prices_before = extract_latest_prices(driver, test_config, limit=5)
        assert prices_before, "Could not extract prices after sorting"
    
        driver.refresh()
        wait.until(EC.presence_of_element_located((By.XPATH, "//*[normalize-space()='Sắp xếp theo']")))
        time.sleep(1)
    
        prices_after_reload = extract_latest_prices(driver, test_config, limit=5)
        assert prices_after_reload, "Could not extract prices after reload"
        assert is_sorted(prices_after_reload, ascending=True), f"Prices are not sorted after reload: {prices_after_reload}"
    
        previous_url = driver.current_url
        driver.get(test_config["pages"]["monitor"])
&gt;       driver.get(previous_url)

tests\test_regression_filter_sort_search.py:44: 
_ _ _ _ _ _ _ _ _ _ _ _ _ _ _ _ _ _ _ _ _ _ _ _ _ _ _ _ _ _ _ _ _ _ _ _ _ _ _ _
.venv\Lib\site-packages\selenium\webdriver\remote\webdriver.py:488: in get
    self.execute(Command.GET, {"url": url})
.venv\Lib\site-packages\selenium\webdriver\remote\webdriver.py:465: in execute
    response = cast(RemoteConnection, self.command_executor).execute(driver_command, params)
               ^^^^^^^^^^^^^^^^^^^^^^^^^^^^^^^^^^^^^^^^^^^^^^^^^^^^^^^^^^^^^^^^^^^^^^^^^^^^^
.venv\Lib\site-packages\selenium\webdriver\remote\remote_connection.py:407: in execute
    return self._request(command_info[0], url, body=data)
           ^^^^^^^^^^^^^^^^^^^^^^^^^^^^^^^^^^^^^^^^^^^^^^
.venv\Lib\site-packages\selenium\webdriver\remote\remote_connection.py:431: in _request
    response = self._conn.request(method, url, body=body, headers=headers, timeout=self._client_config.timeout)
               ^^^^^^^^^^^^^^^^^^^^^^^^^^^^^^^^^^^^^^^^^^^^^^^^^^^^^^^^^^^^^^^^^^^^^^^^^^^^^^^^^^^^^^^^^^^^^^^^
.venv\Lib\site-packages\urllib3\_request_methods.py:143: in request
    return self.request_encode_body(
.venv\Lib\site-packages\urllib3\_request_methods.py:278: in request_encode_body
    return self.urlopen(method, url, **extra_kw)
           ^^^^^^^^^^^^^^^^^^^^^^^^^^^^^^^^^^^^^
.venv\Lib\site-packages\urllib3\poolmanager.py:457: in urlopen
    response = conn.urlopen(method, u.request_uri, **kw)
               ^^^^^^^^^^^^^^^^^^^^^^^^^^^^^^^^^^^^^^^^^
.venv\Lib\site-packages\urllib3\connectionpool.py:842: in urlopen
    retries = retries.increment(
.venv\Lib\site-packages\urllib3\util\retry.py:498: in increment
    raise reraise(type(error), error, _stacktrace)
          ^^^^^^^^^^^^^^^^^^^^^^^^^^^^^^^^^^^^^^^^
.venv\Lib\site-packages\urllib3\util\util.py:39: in reraise
    raise value
.venv\Lib\site-packages\urllib3\connectionpool.py:788: in urlopen
    response = self._make_request(
.venv\Lib\site-packages\urllib3\connectionpool.py:536: in _make_request
    self._raise_timeout(err=e, url=url, timeout_value=read_timeout)
_ _ _ _ _ _ _ _ _ _ _ _ _ _ _ _ _ _ _ _ _ _ _ _ _ _ _ _ _ _ _ _ _ _ _ _ _ _ _ _

self = &lt;urllib3.connectionpool.HTTPConnectionPool object at 0x000001F23BAFEA50&gt;
err = TimeoutError('timed out')
url = '/session/58288b398c5888b3164b056d0be14ff5/url', timeout_value = 30

    def _raise_timeout(
        self,
        err: BaseSSLError | OSError | SocketTimeout,
        url: str,
        timeout_value: _TYPE_TIMEOUT | None,
    ) -&gt; None:
        """Is the error actually a timeout? Will raise a ReadTimeout or pass"""
    
        if isinstance(err, SocketTimeout):
&gt;           raise ReadTimeoutError(
                self, url, f"Read timed out. (read timeout={timeout_value})"
            ) from err
E           urllib3.exceptions.ReadTimeoutError: HTTPConnectionPool(host='localhost', port=55938): Read timed out. (read timeout=30)

.venv\Lib\site-packages\urllib3\connectionpool.py:367: ReadTimeoutError</failure></testcase></testsuite></testsuites>