<?xml version="1.0" encoding="utf-8"?><testsuites name="pytest tests"><testsuite name="pytest" errors="0" failures="1" skipped="0" tests="1" time="21.363" timestamp="2026-06-05T00:20:48.884427+07:00" hostname="TUANANH"><testcase classname="tests.search.test_search_regression" name="test_search_very_long_query" time="21.057"><failure message="Failed: FREEZE: Khong the them tiep ky tu vao o tim kiem. So lan lap on dinh truoc khi treo: 10. Lan lap gay treo: 11. So ky tu mong doi: 11,000,000. So ky tu thuc te: 1,000,000. Click sau khi khong them du ky tu: OK.">FREEZE: Khong the them tiep ky tu vao o tim kiem. So lan lap on dinh truoc khi treo: 10. Lan lap gay treo: 11. So ky tu mong doi: 11,000,000. So ky tu thuc te: 1,000,000. Click sau khi khong them du ky tu: OK.</failure></testcase></testsuite></testsuites>