<?xml version="1.0" encoding="utf-8"?><testsuites name="pytest tests"><testsuite name="pytest" errors="0" failures="1" skipped="0" tests="1" time="46.450" timestamp="2026-06-11T22:05:13.263038+07:00" hostname="TUANANH"><testcase classname="tests.search.test_search_regression" name="test_search_very_long_query" time="46.206"><failure message="Failed: FREEZE: Trinh duyet bi treo hoan toan. So lan paste on dinh truoc khi treo: 2. Lan paste gay treo: 3. Click sau khi khong them du ky tu: KHONG THUC HIEN DUOC vi browser/WebDriver timeout trong luc Ctrl+V. Loi: HTTPConnectionPool(host='localhost', port=57329): Read timed out. (read timeout=8)">timed out

The above exception was the direct cause of the following exception:
HTTPConnectionPool(host='localhost', port=57329): Read timed out. (read timeout=8)

During handling of the above exception, another exception occurred:
FREEZE: Trinh duyet bi treo hoan toan. So lan paste on dinh truoc khi treo: 2. Lan paste gay treo: 3. Click sau khi khong them du ky tu: KHONG THUC HIEN DUOC vi browser/WebDriver timeout trong luc Ctrl+V. Loi: HTTPConnectionPool(host='localhost', port=57329): Read timed out. (read timeout=8)</failure></testcase></testsuite></testsuites>