<?xml version="1.0" encoding="utf-8"?><testsuites name="pytest tests"><testsuite name="pytest" errors="1" failures="0" skipped="0" tests="5" time="311.789" timestamp="2026-06-11T00:12:56.622288+07:00" hostname="TUANANH"><testcase classname="tests.filter.test_filter_advanced" name="test_filter_all_products_match_brand" time="64.368" /><testcase classname="tests.filter.test_filter_advanced" name="test_unfilter_restores_list" time="56.430" /><testcase classname="tests.filter.test_filter_advanced" name="test_filter_combination_no_results" time="31.959" /><testcase classname="tests.filter.test_filter_advanced" name="test_filter_multiple_conditions_then_remove_one_updates_results" time="102.568" /><testcase time="6.912" /><testcase classname="pytest" name="internal" time="0.000"><error message="internal error">Traceback (most recent call last):
  File "D:\Kiem Thu\.venv\Lib\site-packages\_pytest\main.py", line 318, in wrap_session
    session.exitstatus = doit(config, session) or 0
                         ~~~~^^^^^^^^^^^^^^^^^
  File "D:\Kiem Thu\.venv\Lib\site-packages\_pytest\main.py", line 372, in _main
    config.hook.pytest_runtestloop(session=session)
    ~~~~~~~~~~~~~~~~~~~~~~~~~~~~~~^^^^^^^^^^^^^^^^^
  File "D:\Kiem Thu\.venv\Lib\site-packages\pluggy\_hooks.py", line 512, in __call__
    return self._hookexec(self.name, self._hookimpls.copy(), kwargs, firstresult)
           ~~~~~~~~~~~~~~^^^^^^^^^^^^^^^^^^^^^^^^^^^^^^^^^^^^^^^^^^^^^^^^^^^^^^^^
  File "D:\Kiem Thu\.venv\Lib\site-packages\pluggy\_manager.py", line 120, in _hookexec
    return self._inner_hookexec(hook_name, methods, kwargs, firstresult)
           ~~~~~~~~~~~~~~~~~~~~^^^^^^^^^^^^^^^^^^^^^^^^^^^^^^^^^^^^^^^^^
  File "D:\Kiem Thu\.venv\Lib\site-packages\pluggy\_callers.py", line 167, in _multicall
    raise exception
  File "D:\Kiem Thu\.venv\Lib\site-packages\pluggy\_callers.py", line 139, in _multicall
    teardown.throw(exception)
    ~~~~~~~~~~~~~~^^^^^^^^^^^
  File "D:\Kiem Thu\.venv\Lib\site-packages\_pytest\logging.py", line 801, in pytest_runtestloop
    return (yield)  # Run all the tests.
            ^^^^^
  File "D:\Kiem Thu\.venv\Lib\site-packages\pluggy\_callers.py", line 139, in _multicall
    teardown.throw(exception)
    ~~~~~~~~~~~~~~^^^^^^^^^^^
  File "D:\Kiem Thu\.venv\Lib\site-packages\_pytest\terminal.py", line 707, in pytest_runtestloop
    result = yield
             ^^^^^
  File "D:\Kiem Thu\.venv\Lib\site-packages\pluggy\_callers.py", line 121, in _multicall
    res = hook_impl.function(*args)
  File "D:\Kiem Thu\.venv\Lib\site-packages\_pytest\main.py", line 396, in pytest_runtestloop
    item.config.hook.pytest_runtest_protocol(item=item, nextitem=nextitem)
    ~~~~~~~~~~~~~~~~~~~~~~~~~~~~~~~~~~~~~~~~^^^^^^^^^^^^^^^^^^^^^^^^^^^^^^
  File "D:\Kiem Thu\.venv\Lib\site-packages\pluggy\_hooks.py", line 512, in __call__
    return self._hookexec(self.name, self._hookimpls.copy(), kwargs, firstresult)
           ~~~~~~~~~~~~~~^^^^^^^^^^^^^^^^^^^^^^^^^^^^^^^^^^^^^^^^^^^^^^^^^^^^^^^^
  File "D:\Kiem Thu\.venv\Lib\site-packages\pluggy\_manager.py", line 120, in _hookexec
    return self._inner_hookexec(hook_name, methods, kwargs, firstresult)
           ~~~~~~~~~~~~~~~~~~~~^^^^^^^^^^^^^^^^^^^^^^^^^^^^^^^^^^^^^^^^^
  File "D:\Kiem Thu\.venv\Lib\site-packages\pluggy\_callers.py", line 167, in _multicall
    raise exception
  File "D:\Kiem Thu\.venv\Lib\site-packages\pluggy\_callers.py", line 139, in _multicall
    teardown.throw(exception)
    ~~~~~~~~~~~~~~^^^^^^^^^^^
  File "D:\Kiem Thu\.venv\Lib\site-packages\_pytest\warnings.py", line 89, in pytest_runtest_protocol
    return (yield)
            ^^^^^
  File "D:\Kiem Thu\.venv\Lib\site-packages\pluggy\_callers.py", line 139, in _multicall
    teardown.throw(exception)
    ~~~~~~~~~~~~~~^^^^^^^^^^^
  File "D:\Kiem Thu\.venv\Lib\site-packages\_pytest\assertion\__init__.py", line 192, in pytest_runtest_protocol
    return (yield)
            ^^^^^
  File "D:\Kiem Thu\.venv\Lib\site-packages\pluggy\_callers.py", line 139, in _multicall
    teardown.throw(exception)
    ~~~~~~~~~~~~~~^^^^^^^^^^^
  File "D:\Kiem Thu\.venv\Lib\site-packages\_pytest\unittest.py", line 591, in pytest_runtest_protocol
    return (yield)
            ^^^^^
  File "D:\Kiem Thu\.venv\Lib\site-packages\pluggy\_callers.py", line 139, in _multicall
    teardown.throw(exception)
    ~~~~~~~~~~~~~~^^^^^^^^^^^
  File "D:\Kiem Thu\.venv\Lib\site-packages\_pytest\faulthandler.py", line 102, in pytest_runtest_protocol
    return (yield)
            ^^^^^
  File "D:\Kiem Thu\.venv\Lib\site-packages\pluggy\_callers.py", line 121, in _multicall
    res = hook_impl.function(*args)
  File "D:\Kiem Thu\.venv\Lib\site-packages\_pytest\runner.py", line 118, in pytest_runtest_protocol
    runtestprotocol(item, nextitem=nextitem)
    ~~~~~~~~~~~~~~~^^^^^^^^^^^^^^^^^^^^^^^^^
  File "D:\Kiem Thu\.venv\Lib\site-packages\_pytest\runner.py", line 137, in runtestprotocol
    reports.append(call_and_report(item, "call", log))
                   ~~~~~~~~~~~~~~~^^^^^^^^^^^^^^^^^^^
  File "D:\Kiem Thu\.venv\Lib\site-packages\_pytest\runner.py", line 251, in call_and_report
    ihook.pytest_runtest_logreport(report=report)
    ~~~~~~~~~~~~~~~~~~~~~~~~~~~~~~^^^^^^^^^^^^^^^
  File "D:\Kiem Thu\.venv\Lib\site-packages\pluggy\_hooks.py", line 512, in __call__
    return self._hookexec(self.name, self._hookimpls.copy(), kwargs, firstresult)
           ~~~~~~~~~~~~~~^^^^^^^^^^^^^^^^^^^^^^^^^^^^^^^^^^^^^^^^^^^^^^^^^^^^^^^^
  File "D:\Kiem Thu\.venv\Lib\site-packages\pluggy\_manager.py", line 120, in _hookexec
    return self._inner_hookexec(hook_name, methods, kwargs, firstresult)
           ~~~~~~~~~~~~~~~~~~~~^^^^^^^^^^^^^^^^^^^^^^^^^^^^^^^^^^^^^^^^^
  File "D:\Kiem Thu\.venv\Lib\site-packages\pluggy\_callers.py", line 167, in _multicall
    raise exception
  File "D:\Kiem Thu\.venv\Lib\site-packages\pluggy\_callers.py", line 121, in _multicall
    res = hook_impl.function(*args)
  File "D:\Kiem Thu\.venv\Lib\site-packages\_pytest\terminal.py", line 685, in pytest_runtest_logreport
    self._write_progress_information_filling_space()
    ~~~~~~~~~~~~~~~~~~~~~~~~~~~~~~~~~~~~~~~~~~~~~~^^
  File "D:\Kiem Thu\.venv\Lib\site-packages\_pytest\terminal.py", line 785, in _write_progress_information_filling_space
    self.write(msg.rjust(fill), flush=True, **{color: True})
    ~~~~~~~~~~^^^^^^^^^^^^^^^^^^^^^^^^^^^^^^^^^^^^^^^^^^^^^^
  File "D:\Kiem Thu\.venv\Lib\site-packages\_pytest\terminal.py", line 525, in write
    self._tw.write(content, flush=flush, **markup)
    ~~~~~~~~~~~~~~^^^^^^^^^^^^^^^^^^^^^^^^^^^^^^^^
  File "D:\Kiem Thu\.venv\Lib\site-packages\_pytest\_io\terminalwriter.py", line 164, in write
    self.write_raw(msg, flush=flush)
    ~~~~~~~~~~~~~~^^^^^^^^^^^^^^^^^^
  File "D:\Kiem Thu\.venv\Lib\site-packages\_pytest\_io\terminalwriter.py", line 180, in write_raw
    self.flush()
    ~~~~~~~~~~^^
  File "D:\Kiem Thu\.venv\Lib\site-packages\_pytest\_io\terminalwriter.py", line 187, in flush
    self._file.flush()
    ~~~~~~~~~~~~~~~~^^
OSError: [Errno 22] Invalid argument</error></testcase></testsuite></testsuites>