<?xml version="1.0" encoding="utf-8"?><testsuites name="pytest tests"><testsuite name="pytest" errors="0" failures="0" skipped="0" tests="25" time="394.249" timestamp="2026-05-25T22:09:05.939290+07:00" hostname="TUANANH"><testcase classname="tests.test_black_box_extended" name="test_search_change_keyword_updates_results" time="17.185" /><testcase classname="tests.test_black_box_extended" name="test_filter_state_persists_after_reload" time="30.846" /><testcase classname="tests.test_black_box_extended" name="test_search_then_sort_price_keeps_relevant_sorted_results" time="12.938" /><testcase classname="tests.test_black_box_extended" name="test_filter_then_sort_price_keeps_filtered_sorted_results" time="29.301" /><testcase classname="tests.test_cases" name="test_filter_apple_brand" time="23.081" /><testcase classname="tests.test_cases" name="test_sort_price_low_to_high" time="10.790" /><testcase classname="tests.test_cases" name="test_search_logitech" time="7.762" /><testcase classname="tests.test_filter_advanced" name="test_filter_all_products_match_brand" time="20.865" /><testcase classname="tests.test_filter_advanced" name="test_unfilter_restores_list" time="26.157" /><testcase classname="tests.test_filter_advanced" name="test_filter_combination_no_results" time="15.123" /><testcase classname="tests.test_negative_cases" name="test_missing_selector_raises" time="3.164" /><testcase classname="tests.test_negative_cases" name="test_slow_page_timeout" time="2.158" /><testcase classname="tests.test_regression_filter_sort_search" name="test_filter_multiple_conditions" time="43.090" /><testcase classname="tests.test_regression_filter_sort_search" name="test_preserve_sort_state_on_reload_and_navigation" time="15.999" /><testcase classname="tests.test_regression_filter_sort_search" name="test_search_vietnamese_accent_and_no_accent" time="14.610" /><testcase classname="tests.test_regression_filter_sort_search" name="test_search_empty_query" time="4.650" /><testcase classname="tests.test_regression_filter_sort_search" name="test_sort_combined_with_filter_and_search" time="42.655" /><testcase classname="tests.test_regression_filter_sort_search" name="test_search_results_are_scoped_to_main_results_container" time="10.426" /><testcase classname="tests.test_search_variants" name="test_search_variants_returns_relevant_results[logitech]" time="7.568" /><testcase classname="tests.test_search_variants" name="test_search_variants_returns_relevant_results[Logitech]" time="7.469" /><testcase classname="tests.test_search_variants" name="test_search_variants_returns_relevant_results[  Logitech  ]" time="7.724" /><testcase classname="tests.test_search_variants" name="test_search_variants_returns_relevant_results[Logitech!@#]" time="6.937" /><testcase classname="tests.test_search_variants" name="test_search_not_found_shows_no_results" time="3.605" /><testcase classname="tests.test_sort_verification" name="test_sort_price_orders" time="8.098" /><testcase classname="tests.test_sort_verification" name="test_sort_changes_order_for_non_price_options" time="21.756" /></testsuite></testsuites>