<?xml version="1.0" encoding="utf-8"?><testsuites name="pytest tests"><testsuite name="pytest" errors="0" failures="0" skipped="0" tests="6" time="93.406" timestamp="2026-06-04T22:06:34.897592+07:00" hostname="TUANANH"><testcase classname="tests.search.test_search_variants" name="test_search_variants_returns_relevant_results[Logitech!@#]" time="28.159" /><testcase classname="tests.sort.test_sort_verification" name="test_sort_price_orders" time="45.289" /><testcase classname="tests.filter.test_filter_advanced" name="test_filter_multiple_conditions_then_remove_one_updates_results" time="73.726" /><testcase classname="tests.search.test_search_regression" name="test_search_results_are_scoped_to_main_results_container" time="37.328" /><testcase classname="tests.search.test_search_functional" name="test_search_load_more_preserves_keyword" time="18.844" /><testcase classname="tests.search.test_search_regression" name="test_search_change_keyword_updates_results" time="14.732" /></testsuite></testsuites>