<?xml version="1.0" encoding="utf-8"?><testsuites name="pytest tests"><testsuite name="pytest" errors="0" failures="0" skipped="0" tests="1" time="15.334" timestamp="2026-06-12T16:06:12.703835+07:00" hostname="TUANANH"><testcase classname="tests.sort.test_sort_verification" name="test_sort_switching_between_sort_types_keeps_results_visible" time="15.071"><properties><property name="test_case_id" value="TC_SORT_03" /><property name="test_case_title" value="Chuyển qua lại giữa các kiểu sort" /></properties></testcase></testsuite></testsuites>