<?xml version="1.0" encoding="utf-8"?><testsuites name="pytest tests"><testsuite name="pytest" errors="0" failures="0" skipped="0" tests="3" time="85.229" timestamp="2026-06-11T14:45:10.210073+07:00" hostname="TUANANH"><testcase classname="tests.search.test_search_variants" name="test_search_variants_returns_relevant_results[Logitech]" time="25.712" /><testcase classname="tests.search.test_search_functional" name="test_search_autocomplete_suggestion_click_navigates_to_results" time="28.211" /><testcase classname="tests.sort.test_sort_verification" name="test_sort_price_orders" time="29.340" /></testsuite></testsuites>