<?xml version="1.0" encoding="utf-8"?><testsuites name="pytest tests"><testsuite name="pytest" errors="0" failures="0" skipped="0" tests="1" time="15.340" timestamp="2026-06-12T16:18:44.434414+07:00" hostname="TUANANH"><testcase classname="tests.sort.test_sort_verification" name="test_sort_price_orders" time="15.168"><properties><property name="test_case_id" value="TC_SORT_01" /><property name="test_case_title" value="Sắp xếp theo giá tăng/giảm" /></properties></testcase></testsuite></testsuites>