<?xml version="1.0" encoding="utf-8"?><testsuites name="pytest tests"><testsuite name="pytest" errors="0" failures="1" skipped="0" tests="39" time="331.494" timestamp="2026-06-08T23:40:35.512857+07:00" hostname="TUANANH"><testcase classname="tests.search.test_search_functional" name="test_search_autocomplete_suggestion_click_navigates_to_results" time="29.430" /><testcase classname="tests.search.test_search_functional" name="test_search_load_more_preserves_keyword" time="58.227" /><testcase classname="tests.filter.test_filter_advanced" name="test_filter_combination_no_results" time="29.459" /><testcase classname="tests.filter.test_filter_advanced" name="test_filter_all_products_match_brand" time="58.483" /><testcase classname="tests.filter.test_filter_advanced" name="test_filter_multiple_conditions_then_remove_one_updates_results" time="89.410" /><testcase classname="tests.search.test_search_functional" name="test_search_enter_vs_click_icon_same_result" time="29.471" /><testcase classname="tests.search.test_search_regression" name="test_search_vietnamese_accent_and_no_accent" time="38.692" /><testcase classname="tests.filter.test_filter_advanced" name="test_unfilter_restores_list" time="38.891" /><testcase classname="tests.search.test_search_functional" name="test_search_deeplink_query_loads_correct_results" time="31.487" /><testcase classname="tests.search.test_search_regression" name="test_search_change_keyword_updates_results" time="31.307" /><testcase classname="tests.search.test_search_security" name="test_search_xss_payload_is_sanitized[&lt;script&gt;alert(1)&lt;/script&gt;]" time="20.899" /><testcase classname="tests.search.test_search_regression" name="test_search_empty_query" time="11.963" /><testcase classname="tests.search.test_search_security" name="test_search_sql_payload_is_handled_safely[' OR '1'='1]" time="11.365" /><testcase classname="tests.search.test_search_security" name="test_search_xss_payload_is_sanitized[&quot;&lt;img src=x onerror=alert(1)&gt;]" time="21.828" /><testcase classname="tests.search.test_search_regression" name="test_search_very_long_query" time="124.022"><failure message="Failed: FREEZE: Trinh duyet bi treo hoan toan. So lan paste on dinh truoc khi treo: 4. Lan paste gay treo: 5. Click sau khi khong them du ky tu: KHONG THUC HIEN DUOC vi browser/WebDriver timeout trong luc Ctrl+V. Loi: HTTPConnectionPool(host='localhost', port=51867): Read timed out. (read timeout=30)">timed out

The above exception was the direct cause of the following exception:
HTTPConnectionPool(host='localhost', port=51867): Read timed out. (read timeout=30)

During handling of the above exception, another exception occurred:
FREEZE: Trinh duyet bi treo hoan toan. So lan paste on dinh truoc khi treo: 4. Lan paste gay treo: 5. Click sau khi khong them du ky tu: KHONG THUC HIEN DUOC vi browser/WebDriver timeout trong luc Ctrl+V. Loi: HTTPConnectionPool(host='localhost', port=51867): Read timed out. (read timeout=30)</failure></testcase><testcase classname="tests.search.test_search_regression" name="test_search_then_sort_price_keeps_relevant_sorted_results" time="27.067" /><testcase classname="tests.search.test_search_security" name="test_search_sql_payload_is_handled_safely[&quot; OR &quot;1&quot;=&quot;1]" time="14.441" /><testcase classname="tests.search.test_search_security" name="test_search_sql_payload_is_handled_safely[' UNION SELECT username,password FROM users --]" time="14.946" /><testcase classname="tests.search.test_search_security" name="test_search_sql_payload_is_handled_safely[' UNION SELECT NULL --]" time="15.590" /><testcase classname="tests.search.test_search_security" name="test_search_sql_payload_is_handled_safely[') UNION SELECT NULL,NULL --]" time="21.136" /><testcase classname="tests.search.test_search_security" name="test_search_sql_payload_is_handled_safely['; DROP TABLE products; --]" time="14.557" /><testcase classname="tests.search.test_search_security" name="test_search_sql_payload_is_handled_safely[admin' --]" time="13.940" /><testcase classname="tests.search.test_search_variants" name="test_search_variants_returns_relevant_results[Logitech]" time="19.225" /><testcase classname="tests.search.test_search_variants" name="test_search_variants_returns_relevant_results[logitech]" time="20.138" /><testcase classname="tests.search.test_search_variants" name="test_search_variants_returns_relevant_results[  Logitech  ]" time="20.220" /><testcase classname="tests.search.test_search_variants" name="test_search_variants_returns_relevant_results[Logitech!@#]" time="21.000" /><testcase classname="tests.search.test_search_variants" name="test_search_typo_tolerance_returns_relevant_results[Logitec]" time="20.483" /><testcase classname="tests.search.test_search_variants" name="test_search_typo_tolerance_returns_relevant_results[Logit ech]" time="22.034" /><testcase classname="tests.search.test_search_variants" name="test_search_typo_tolerance_returns_relevant_results[Logitechk]" time="23.575" /><testcase classname="tests.search.test_search_variants" name="test_search_typo_tolerance_returns_relevant_results[Logtech]" time="20.821" /><testcase classname="tests.search.test_search_variants" name="test_search_typo_tolerance_returns_relevant_results[Logit3ch]" time="20.236" /><testcase classname="tests.search.test_search_variants" name="test_search_not_found_shows_no_results" time="14.296" /><testcase classname="tests.sort.test_sort_verification" name="test_sort_price_orders" time="37.654" /><testcase classname="tests.sort.test_sort_verification" name="test_sort_changes_order_for_non_price_options" time="55.317" /><testcase classname="tests.sort.test_sort_verification" name="test_sort_switching_between_sort_types_keeps_results_visible" time="31.451" /><testcase classname="tests.search.test_search_regression" name="test_search_results_are_scoped_to_main_results_container" time="24.607" /><testcase classname="tests.test_black_box_extended" name="test_filter_state_persists_after_reload" time="43.570" /><testcase classname="tests.test_regression_filter_sort_search" name="test_preserve_sort_state_on_reload_and_navigation" time="30.901" /><testcase classname="tests.test_black_box_extended" name="test_filter_then_sort_price_keeps_filtered_sorted_results" time="40.999" /></testsuite></testsuites>