<?xml version="1.0" encoding="utf-8"?><testsuites name="pytest tests"><testsuite name="pytest" errors="0" failures="2" skipped="0" tests="39" time="253.680" timestamp="2026-06-11T22:53:20.158653+07:00" hostname="TUANANH"><testcase classname="tests.filter.test_filter_advanced" name="test_filter_combination_no_results" time="27.588" /><testcase classname="tests.filter.test_filter_advanced" name="test_filter_all_products_match_brand" time="38.047" /><testcase classname="tests.search.test_search_functional" name="test_search_autocomplete_suggestion_click_navigates_to_results" time="37.075" /><testcase classname="tests.search.test_search_functional" name="test_search_load_more_preserves_keyword" time="29.055" /><testcase classname="tests.filter.test_filter_advanced" name="test_filter_multiple_conditions_then_remove_one_updates_results" time="56.828" /><testcase classname="tests.search.test_search_functional" name="test_search_deeplink_query_loads_correct_results" time="19.014" /><testcase classname="tests.search.test_search_functional" name="test_search_enter_vs_click_icon_same_result" time="23.034" /><testcase classname="tests.filter.test_filter_advanced" name="test_unfilter_restores_list" time="29.223" /><testcase classname="tests.search.test_search_regression" name="test_search_very_long_query" time="36.847"><failure message="Failed: FREEZE: Trinh duyet bi treo hoan toan. So lan paste on dinh truoc khi treo: 1. Lan paste gay treo: 2. Click sau khi khong them du ky tu: KHONG THUC HIEN DUOC vi browser/WebDriver timeout trong luc Ctrl+V. Loi: HTTPConnectionPool(host='localhost', port=56045): Read timed out. (read timeout=8)">timed out

The above exception was the direct cause of the following exception:
HTTPConnectionPool(host='localhost', port=56045): Read timed out. (read timeout=8)

During handling of the above exception, another exception occurred:
FREEZE: Trinh duyet bi treo hoan toan. So lan paste on dinh truoc khi treo: 1. Lan paste gay treo: 2. Click sau khi khong them du ky tu: KHONG THUC HIEN DUOC vi browser/WebDriver timeout trong luc Ctrl+V. Loi: HTTPConnectionPool(host='localhost', port=56045): Read timed out. (read timeout=8)</failure></testcase><testcase classname="tests.search.test_search_regression" name="test_search_change_keyword_updates_results" time="18.094" /><testcase classname="tests.search.test_search_security" name="test_search_xss_payload_is_sanitized[&lt;script&gt;alert(1)&lt;/script&gt;]" time="14.594" /><testcase classname="tests.search.test_search_regression" name="test_search_then_sort_price_keeps_relevant_sorted_results" time="15.857" /><testcase classname="tests.search.test_search_security" name="test_search_xss_payload_is_sanitized[&quot;&lt;img src=x onerror=alert(1)&gt;]" time="14.840" /><testcase classname="tests.search.test_search_regression" name="test_search_vietnamese_accent_and_no_accent" time="24.744" /><testcase classname="tests.search.test_search_regression" name="test_search_results_are_scoped_to_main_results_container" time="18.370" /><testcase classname="tests.search.test_search_security" name="test_search_sql_payload_is_handled_safely[' OR '1'='1]" time="17.686" /><testcase classname="tests.search.test_search_security" name="test_search_sql_payload_is_handled_safely[&quot; OR &quot;1&quot;=&quot;1]" time="17.255" /><testcase classname="tests.search.test_search_security" name="test_search_sql_payload_is_handled_safely[' UNION SELECT NULL --]" time="15.463" /><testcase classname="tests.search.test_search_regression" name="test_search_empty_query" time="21.015" /><testcase classname="tests.search.test_search_security" name="test_search_sql_payload_is_handled_safely[' UNION SELECT username,password FROM users --]" time="18.044" /><testcase classname="tests.search.test_search_security" name="test_search_sql_payload_is_handled_safely[') UNION SELECT NULL,NULL --]" time="14.829" /><testcase classname="tests.search.test_search_security" name="test_search_sql_payload_is_handled_safely['; DROP TABLE products; --]" time="12.815" /><testcase classname="tests.search.test_search_variants" name="test_search_variants_returns_relevant_results[Logitech]" time="21.647" /><testcase classname="tests.search.test_search_variants" name="test_search_variants_returns_relevant_results[logitech]" time="20.085" /><testcase classname="tests.search.test_search_security" name="test_search_sql_payload_is_handled_safely[admin' --]" time="20.233" /><testcase classname="tests.search.test_search_variants" name="test_search_variants_returns_relevant_results[  Logitech  ]" time="19.470" /><testcase classname="tests.search.test_search_variants" name="test_search_typo_tolerance_returns_relevant_results[Logitec]" time="22.113" /><testcase classname="tests.search.test_search_variants" name="test_search_typo_tolerance_returns_relevant_results[Logit ech]" time="21.606" /><testcase classname="tests.search.test_search_variants" name="test_search_variants_returns_relevant_results[Logitech!@#]" time="20.965" /><testcase classname="tests.search.test_search_variants" name="test_search_typo_tolerance_returns_relevant_results[Logitechk]" time="20.284" /><testcase classname="tests.sort.test_sort_verification" name="test_sort_price_orders" time="32.076" /><testcase classname="tests.search.test_search_variants" name="test_search_not_found_shows_no_results" time="14.891" /><testcase classname="tests.search.test_search_variants" name="test_search_typo_tolerance_returns_relevant_results[Logit3ch]" time="12.529" /><testcase classname="tests.search.test_search_variants" name="test_search_typo_tolerance_returns_relevant_results[Logtech]" time="12.579" /><testcase classname="tests.test_black_box_extended" name="test_filter_then_sort_price_keeps_filtered_sorted_results" time="36.235" /><testcase classname="tests.test_black_box_extended" name="test_filter_state_persists_after_reload" time="35.717" /><testcase classname="tests.sort.test_sort_verification" name="test_sort_switching_between_sort_types_keeps_results_visible" time="39.585" /><testcase classname="tests.sort.test_sort_verification" name="test_sort_changes_order_for_non_price_options" time="47.758"><failure message="AssertionError: Sort options did not change visible order: ['Khuyến mãi tốt nhất', 'Sản phẩm bán chạy nhất', 'Sản phẩm mới nhất']&#10;assert not ['Khuyến mãi tốt nhất', 'Sản phẩm bán chạy nhất', 'Sản phẩm mới nhất']">driver = &lt;selenium.webdriver.chrome.webdriver.WebDriver (session="772df0af270dec30aaafc843750716e0")&gt;
test_config = {'base_url': 'https://phongvu.vn', 'pages': {'laptop': 'https://phongvu.vn/c/laptop', 'monitor': 'https://phongvu.vn/c...': 'Logitech', 'search_variants': ['logitech', 'Logitech', '  Logitech  ', 'Logitech!@#', 'nonexistentsku12345'], ...}}

    def test_sort_changes_order_for_non_price_options(driver, test_config):
        monitor_url = test_config["pages"]["monitor"]
        sort_opts = test_config["test_data"]["sort_options"]
    
        driver.get(monitor_url)
        current_names = extract_product_names(driver, test_config, limit=8)
        log_test_evidence("SORT BASELINE ORDER", url=driver.current_url, products=current_names)
        assert len(current_names) &gt;= 3, f"Not enough baseline products before sort: {current_names}"
    
        applied_count = 0
        unchanged_options = []
        for key in ("promo_best", "best_selling", "newest"):
            opt_label = sort_opts.get(key)
            if not opt_label:
                continue
    
            try:
                candidate = resolve_available_text(driver, [opt_label])
                apply_sort_option(driver, candidate)
                applied_count += 1
            except Exception:
                continue
    
            try:
                WebDriverWait(driver, 8).until(lambda d: extract_product_names(d, test_config, limit=8) != current_names)
            except Exception:
                time.sleep(1)
    
            after = extract_product_names(driver, test_config, limit=8)
            log_test_evidence(
                "SORT NON-PRICE RESULT",
                option=opt_label,
                resolved_option=locals().get("candidate", ""),
                url=driver.current_url,
                products=after,
            )
            assert len(after) &gt;= 3, f"Not enough products after applying sort '{opt_label}': {after}"
            if after == current_names:
                unchanged_options.append(opt_label)
    
            current_names = after
    
        assert applied_count &gt; 0, (
            "No non-price sort option could be applied: "
            f"{[sort_opts.get(k) for k in ('promo_best', 'best_selling', 'newest')]}"
        )
&gt;       assert not unchanged_options, f"Sort options did not change visible order: {unchanged_options}"
E       AssertionError: Sort options did not change visible order: ['Khuyến mãi tốt nhất', 'Sản phẩm bán chạy nhất', 'Sản phẩm mới nhất']
E       assert not ['Khuyến mãi tốt nhất', 'Sản phẩm bán chạy nhất', 'Sản phẩm mới nhất']

tests\sort\test_sort_verification.py:124: AssertionError</failure></testcase><testcase classname="tests.test_regression_filter_sort_search" name="test_preserve_sort_state_on_reload_and_navigation" time="22.640" /></testsuite></testsuites>