<?xml version="1.0" encoding="utf-8"?><testsuites name="pytest tests"><testsuite name="pytest" errors="0" failures="2" skipped="0" tests="31" time="527.350" timestamp="2026-06-11T10:39:39.755705+07:00" hostname="TUANANH"><testcase classname="tests.filter.test_filter_advanced" name="test_filter_all_products_match_brand" time="48.484" /><testcase classname="tests.filter.test_filter_advanced" name="test_unfilter_restores_list" time="28.791" /><testcase classname="tests.filter.test_filter_advanced" name="test_filter_combination_no_results" time="20.527" /><testcase classname="tests.filter.test_filter_advanced" name="test_filter_multiple_conditions_then_remove_one_updates_results" time="54.194" /><testcase classname="tests.search.test_search_functional" name="test_search_load_more_preserves_keyword" time="15.958" /><testcase classname="tests.search.test_search_functional" name="test_search_deeplink_query_loads_correct_results" time="15.942" /><testcase classname="tests.search.test_search_functional" name="test_search_autocomplete_suggestion_click_navigates_to_results" time="18.542" /><testcase classname="tests.search.test_search_functional" name="test_search_enter_vs_click_icon_same_result" time="14.169" /><testcase classname="tests.search.test_search_regression" name="test_search_vietnamese_accent_and_no_accent" time="14.268" /><testcase classname="tests.search.test_search_regression" name="test_search_empty_query" time="8.854" /><testcase classname="tests.search.test_search_regression" name="test_search_results_are_scoped_to_main_results_container" time="11.314" /><testcase classname="tests.search.test_search_regression" name="test_search_change_keyword_updates_results" time="16.175" /><testcase classname="tests.search.test_search_regression" name="test_search_then_sort_price_keeps_relevant_sorted_results" time="16.291" /><testcase classname="tests.search.test_search_variants" name="test_search_variants_returns_relevant_results[logitech]" time="9.968" /><testcase classname="tests.search.test_search_variants" name="test_search_variants_returns_relevant_results[Logitech]" time="9.645" /><testcase classname="tests.search.test_search_variants" name="test_search_variants_returns_relevant_results[  Logitech  ]" time="9.077" /><testcase classname="tests.search.test_search_variants" name="test_search_variants_returns_relevant_results[Logitech!@#]" time="11.920" /><testcase classname="tests.search.test_search_variants" name="test_search_typo_tolerance_returns_relevant_results[Logitec]" time="9.728" /><testcase classname="tests.search.test_search_variants" name="test_search_typo_tolerance_returns_relevant_results[Logit ech]" time="9.581" /><testcase classname="tests.search.test_search_variants" name="test_search_typo_tolerance_returns_relevant_results[Logitechk]" time="12.001" /><testcase classname="tests.search.test_search_variants" name="test_search_typo_tolerance_returns_relevant_results[Logtech]" time="11.635" /><testcase classname="tests.search.test_search_variants" name="test_search_typo_tolerance_returns_relevant_results[Logit3ch]" time="14.968" /><testcase classname="tests.search.test_search_variants" name="test_search_not_found_shows_no_results" time="9.144" /><testcase classname="tests.sort.test_sort_verification" name="test_sort_price_orders" time="11.473"><failure message="AssertionError: Prices are not ascending: [4490000, 3190000, 5490000, 5290000, 3590000, 4790000, 7490000, 6990000, 5990000, 2290000]&#10;assert False&#10; +  where False = is_sorted([4490000, 3190000, 5490000, 5290000, 3590000, 4790000, ...], ascending=True)">driver = &lt;selenium.webdriver.chrome.webdriver.WebDriver (session="bfe0b4309149d161e9790ebdd6dd7a4f")&gt;
test_config = {'base_url': 'https://phongvu.vn', 'pages': {'laptop': 'https://phongvu.vn/c/laptop', 'monitor': 'https://phongvu.vn/c...': 'Logitech', 'search_variants': ['logitech', 'Logitech', '  Logitech  ', 'Logitech!@#', 'nonexistentsku12345'], ...}}

    def test_sort_price_orders(driver, test_config):
        monitor_url = test_config["pages"]["monitor"]
        sort_opts = test_config["test_data"]["sort_options"]
        sort_candidates = test_config["test_data"].get("sort_option_candidates", [])
    
        driver.get(monitor_url)
        candidate = resolve_available_text(driver, [sort_opts.get("price_asc"), *sort_candidates])
        apply_sort_option(driver, candidate)
        # Ensure we are looking at the listing area (scroll to sort bar) to avoid featured carousels above
        try:
            sort_label = driver.find_element(By.XPATH, "//*[normalize-space()='S\u1eaft x\u1ebfp theo' ]")
            driver.execute_script("arguments[0].scrollIntoView({block: 'center'});", sort_label)
            time.sleep(0.4)
        except Exception:
            try:
                # fallback: try common Vietnamese label without escaping
                sort_label = driver.find_element(By.XPATH, "//*[normalize-space()='Sắp xếp theo']")
                driver.execute_script("arguments[0].scrollIntoView({block: 'center'});", sort_label)
                time.sleep(0.4)
            except Exception:
                pass
        WebDriverWait(driver, 8).until(lambda d: extract_latest_prices(d, test_config, limit=3))
    
        prices = extract_latest_prices(driver, test_config, limit=10)
        names_asc = extract_product_names(driver, test_config, limit=10)
        print("\n--- [SORT ADVANCED TEST: ASCENDING PRICES] ---")
        for name, price in zip(names_asc, prices):
            print(f"Product: {_safe_str(name)} | Price: {price:,} VND")
        LOGGER.info("DEBUG: prices_asc=%s", prices)
        assert len(prices) &gt;= 3, f"Not enough prices for ascending comparison: {prices}"
&gt;       assert is_sorted(prices, ascending=True), f"Prices are not ascending: {prices}"
E       AssertionError: Prices are not ascending: [4490000, 3190000, 5490000, 5290000, 3590000, 4790000, 7490000, 6990000, 5990000, 2290000]
E       assert False
E        +  where False = is_sorted([4490000, 3190000, 5490000, 5290000, 3590000, 4790000, ...], ascending=True)

tests\sort\test_sort_verification.py:58: AssertionError</failure></testcase><testcase classname="tests.sort.test_sort_verification" name="test_sort_changes_order_for_non_price_options" time="25.234" /><testcase classname="tests.sort.test_sort_verification" name="test_sort_switching_between_sort_types_keeps_results_visible" time="12.928"><failure message="AssertionError: Prices are not ascending after switching to ascending sort: [3199000, 1290000, 4990000, 12590000, 1790000, 2090000, 5890000, 2290000, 3190000, 2990000]&#10;assert False&#10; +  where False = is_sorted([3199000, 1290000, 4990000, 12590000, 1790000, 2090000, ...], ascending=True)">driver = &lt;selenium.webdriver.chrome.webdriver.WebDriver (session="62501f88168edab622916c24bc313b29")&gt;
test_config = {'base_url': 'https://phongvu.vn', 'pages': {'laptop': 'https://phongvu.vn/c/laptop', 'monitor': 'https://phongvu.vn/c...': 'Logitech', 'search_variants': ['logitech', 'Logitech', '  Logitech  ', 'Logitech!@#', 'nonexistentsku12345'], ...}}

    def test_sort_switching_between_sort_types_keeps_results_visible(driver, test_config):
        """Switch from a non-price sort to price ascending/descending and verify results remain valid."""
        monitor_url = test_config["pages"]["monitor"]
        sort_opts = test_config["test_data"]["sort_options"]
        sort_candidates = test_config["test_data"].get("sort_option_candidates", [])
    
        driver.get(monitor_url)
    
        non_price_candidates = [sort_opts.get("promo_best"), sort_opts.get("best_selling"), sort_opts.get("newest")]
        non_price_candidates = [candidate for candidate in non_price_candidates if candidate]
        if not non_price_candidates:
            pytest.skip("No non-price sort option configured")
    
        non_price_label = resolve_available_text(driver, non_price_candidates)
        apply_sort_option(driver, non_price_label)
        names_after_non_price = extract_product_names(driver, test_config, limit=8)
        assert names_after_non_price, "No products after applying non-price sort"
    
        candidate_asc = resolve_available_text(driver, [sort_opts.get("price_asc"), *sort_candidates])
        apply_sort_option(driver, candidate_asc)
        WebDriverWait(driver, 8).until(lambda d: extract_latest_prices(d, test_config, limit=3))
        prices_asc = extract_latest_prices(driver, test_config, limit=10)
        assert len(prices_asc) &gt;= 3, f"Not enough prices after switching to ascending sort: {prices_asc}"
&gt;       assert is_sorted(prices_asc, ascending=True), f"Prices are not ascending after switching to ascending sort: {prices_asc}"
E       AssertionError: Prices are not ascending after switching to ascending sort: [3199000, 1290000, 4990000, 12590000, 1790000, 2090000, 5890000, 2290000, 3190000, 2990000]
E       assert False
E        +  where False = is_sorted([3199000, 1290000, 4990000, 12590000, 1790000, 2090000, ...], ascending=True)

tests\sort\test_sort_verification.py:141: AssertionError</failure></testcase><testcase classname="tests.test_black_box_extended" name="test_filter_state_persists_after_reload" time="26.610" /><testcase classname="tests.test_black_box_extended" name="test_filter_then_sort_price_keeps_filtered_sorted_results" time="27.438" /><testcase classname="tests.test_negative_cases" name="test_missing_selector_raises" time="6.721" /><testcase classname="tests.test_negative_cases" name="test_slow_page_timeout" time="5.521" /><testcase classname="tests.test_regression_filter_sort_search" name="test_preserve_sort_state_on_reload_and_navigation" time="19.465" /></testsuite></testsuites>