<?xml version="1.0" encoding="utf-8"?><testsuites name="pytest tests"><testsuite name="pytest" errors="0" failures="0" skipped="0" tests="3" time="86.952" timestamp="2026-06-11T10:49:48.067094+07:00" hostname="TUANANH"><testcase classname="tests.sort.test_sort_verification" name="test_sort_price_orders" time="34.851" /><testcase classname="tests.sort.test_sort_verification" name="test_sort_changes_order_for_non_price_options" time="27.075" /><testcase classname="tests.sort.test_sort_verification" name="test_sort_switching_between_sort_types_keeps_results_visible" time="24.545" /></testsuite></testsuites>