<?xml version="1.0" encoding="utf-8"?><testsuites name="pytest tests"><testsuite name="pytest" errors="0" failures="0" skipped="0" tests="4" time="50.499" timestamp="2026-06-12T17:34:21.273886+07:00" hostname="TUANANH"><testcase classname="tests.sort.test_sort_verification" name="test_sort_changes_order_for_non_price_options" time="27.216"><properties><property name="test_case_id" value="TC_SORT_02" /><property name="test_case_title" value="Đổi thứ tự với các sort không phải giá" /></properties></testcase><testcase classname="tests.sort.test_sort_verification" name="test_sort_price_orders" time="24.904"><properties><property name="test_case_id" value="TC_SORT_01" /><property name="test_case_title" value="Sắp xếp theo giá tăng/giảm" /></properties></testcase><testcase classname="tests.sort.test_sort_verification" name="test_sort_switching_between_sort_types_keeps_results_visible" time="26.952"><properties><property name="test_case_id" value="TC_SORT_03" /><property name="test_case_title" value="Chuyển qua lại giữa các kiểu sort" /></properties></testcase><testcase classname="tests.test_regression_filter_sort_search" name="test_preserve_sort_state_on_reload_and_navigation" time="23.383"><properties><property name="test_case_id" value="TC_SORT_04" /><property name="test_case_title" value="Giữ trạng thái sort sau reload và điều hướng" /></properties></testcase></testsuite></testsuites>