<?xml version="1.0" encoding="utf-8"?><testsuites name="pytest tests"><testsuite name="pytest" errors="0" failures="1" skipped="0" tests="46" time="270.132" timestamp="2026-06-04T23:26:42.815347+07:00" hostname="TUANANH"><testcase classname="tests.search.test_search_functional" name="test_search_autocomplete_suggestion_click_navigates_to_results" time="32.007" /><testcase classname="tests.filter.test_filter_advanced" name="test_filter_all_products_match_brand" time="39.272" /><testcase classname="tests.search.test_search_functional" name="test_search_load_more_preserves_keyword" time="32.444" /><testcase classname="tests.filter.test_filter_advanced" name="test_filter_combination_no_results" time="25.740" /><testcase classname="tests.filter.test_filter_advanced" name="test_filter_multiple_conditions_then_remove_one_updates_results" time="71.414" /><testcase classname="tests.search.test_search_functional" name="test_search_enter_vs_click_icon_same_result" time="16.473" /><testcase classname="tests.search.test_search_functional" name="test_search_deeplink_query_loads_correct_results" time="15.523" /><testcase classname="tests.filter.test_filter_advanced" name="test_unfilter_restores_list" time="29.002" /><testcase classname="tests.search.test_search_security" name="test_search_xss_payload_is_sanitized[&lt;script&gt;alert(1)&lt;/script&gt;]" time="10.172" /><testcase classname="tests.search.test_search_regression" name="test_search_results_are_scoped_to_main_results_container" time="12.161" /><testcase classname="tests.search.test_search_security" name="test_search_xss_payload_is_sanitized[&quot;&lt;img src=x onerror=alert(1)&gt;]" time="11.391" /><testcase classname="tests.search.test_search_regression" name="test_search_change_keyword_updates_results" time="18.377" /><testcase classname="tests.search.test_search_security" name="test_search_sql_payload_is_handled_safely[&quot; OR &quot;1&quot;=&quot;1]" time="6.383" /><testcase classname="tests.search.test_search_security" name="test_search_sql_payload_is_handled_safely[' OR '1'='1]" time="5.469" /><testcase classname="tests.search.test_search_security" name="test_search_sql_payload_is_handled_safely[' UNION SELECT NULL --]" time="6.225" /><testcase classname="tests.search.test_search_security" name="test_search_sql_payload_is_handled_safely[' UNION SELECT username,password FROM users --]" time="11.200" /><testcase classname="tests.search.test_search_regression" name="test_search_then_sort_price_keeps_relevant_sorted_results" time="15.035" /><testcase classname="tests.search.test_search_security" name="test_search_sql_payload_is_handled_safely['; DROP TABLE products; --]" time="5.879" /><testcase classname="tests.search.test_search_security" name="test_search_sql_payload_is_handled_safely[') UNION SELECT NULL,NULL --]" time="11.273" /><testcase classname="tests.search.test_search_security" name="test_search_sql_payload_is_handled_safely[admin' --]" time="6.247" /><testcase classname="tests.search.test_search_variants" name="test_search_variants_returns_relevant_results[  Logitech  ]" time="11.010" /><testcase classname="tests.search.test_search_variants" name="test_search_variants_returns_relevant_results[logitech]" time="10.839" /><testcase classname="tests.search.test_search_regression" name="test_search_vietnamese_accent_and_no_accent" time="20.508" /><testcase classname="tests.search.test_search_variants" name="test_search_variants_returns_relevant_results[Logitech]" time="10.836" /><testcase classname="tests.search.test_search_variants" name="test_search_variants_returns_relevant_results[Logitech!@#]" time="10.741" /><testcase classname="tests.search.test_search_variants" name="test_search_typo_tolerance_returns_relevant_results[Logitec]" time="10.930" /><testcase classname="tests.search.test_search_variants" name="test_search_typo_tolerance_returns_relevant_results[Logit ech]" time="9.958" /><testcase classname="tests.search.test_search_variants" name="test_search_typo_tolerance_returns_relevant_results[Logitechk]" time="8.970" /><testcase classname="tests.search.test_search_variants" name="test_search_typo_tolerance_returns_relevant_results[Logtech]" time="9.014" /><testcase classname="tests.search.test_search_regression" name="test_search_empty_query" time="5.182" /><testcase classname="tests.search.test_search_variants" name="test_search_typo_tolerance_returns_relevant_results[Logit3ch]" time="8.897" /><testcase classname="tests.search.test_search_regression" name="test_search_very_long_query" time="40.029"><failure message="Failed: FREEZE: Trinh duyet bi lag/treo. So lan lap on dinh truoc khi treo: 13. Lan lap gay treo: 14. Tong ky tu tai thoi diem treo: 14,000,000. Thoi gian xu ly: 5.91s &gt; nguong 5.00s">FREEZE: Trinh duyet bi lag/treo. So lan lap on dinh truoc khi treo: 13. Lan lap gay treo: 14. Tong ky tu tai thoi diem treo: 14,000,000. Thoi gian xu ly: 5.91s &gt; nguong 5.00s</failure></testcase><testcase classname="tests.search.test_search_variants" name="test_search_not_found_shows_no_results" time="5.227" /><testcase classname="tests.smoke.test_cases" name="test_filter_apple_brand" time="27.356" /><testcase classname="tests.smoke.test_cases" name="test_sort_price_low_to_high" time="15.314" /><testcase classname="tests.sort.test_sort_verification" name="test_sort_price_orders" time="20.842" /><testcase classname="tests.sort.test_sort_verification" name="test_sort_switching_between_sort_types_keeps_results_visible" time="24.189" /><testcase classname="tests.test_black_box_extended" name="test_filter_state_persists_after_reload" time="38.357" /><testcase classname="tests.sort.test_sort_verification" name="test_sort_changes_order_for_non_price_options" time="41.099" /><testcase classname="tests.smoke.test_cases" name="test_search_logitech" time="16.163" /><testcase classname="tests.test_black_box_extended" name="test_filter_then_sort_price_keeps_filtered_sorted_results" time="30.994" /><testcase classname="tests.test_regression_filter_sort_search" name="test_filter_multiple_conditions" time="44.406" /><testcase classname="tests.test_negative_cases" name="test_missing_selector_raises" time="3.267" /><testcase classname="tests.test_negative_cases" name="test_slow_page_timeout" time="2.178" /><testcase classname="tests.test_regression_filter_sort_search" name="test_preserve_sort_state_on_reload_and_navigation" time="12.464" /><testcase classname="tests.test_regression_filter_sort_search" name="test_sort_combined_with_filter_and_search" time="41.983" /></testsuite></testsuites>